This is pdfTeX, Version 3.141592653-2.6-1.40.22 (TeX Live 2022/dev/Debian) (preloaded format=pdflatex 2024.3.15)  23 JUN 2024 23:33
entering extended mode
 restricted \write18 enabled.
 %&-line parsing enabled.
**diss_kulikov.tex
(./diss_kulikov.tex
LaTeX2e <2021-11-15> patch level 1
L3 programming layer <2022-01-21>
(/usr/share/texlive/texmf-dist/tex/latex/base/book.cls
Document Class: book 2021/10/04 v1.4n Standard LaTeX document class
(/usr/share/texlive/texmf-dist/tex/latex/base/bk12.clo
File: bk12.clo 2021/10/04 v1.4n Standard LaTeX file (size option)
)
\c@part=\count185
\c@chapter=\count186
\c@section=\count187
\c@subsection=\count188
\c@subsubsection=\count189
\c@paragraph=\count190
\c@subparagraph=\count191
\c@figure=\count192
\c@table=\count193
\abovecaptionskip=\skip47
\belowcaptionskip=\skip48
\bibindent=\dimen138
)
(/usr/share/texlive/texmf-dist/tex/latex/geometry/geometry.sty
Package: geometry 2020/01/02 v5.9 Page Geometry

(/usr/share/texlive/texmf-dist/tex/latex/graphics/keyval.sty
Package: keyval 2014/10/28 v1.15 key=value parser (DPC)
\KV@toks@=\toks16
)
(/usr/share/texlive/texmf-dist/tex/generic/iftex/ifvtex.sty
Package: ifvtex 2019/10/25 v1.7 ifvtex legacy package. Use iftex instead.

(/usr/share/texlive/texmf-dist/tex/generic/iftex/iftex.sty
Package: iftex 2020/03/06 v1.0d TeX engine tests
))
\Gm@cnth=\count194
\Gm@cntv=\count195
\c@Gm@tempcnt=\count196
\Gm@bindingoffset=\dimen139
\Gm@wd@mp=\dimen140
\Gm@odd@mp=\dimen141
\Gm@even@mp=\dimen142
\Gm@layoutwidth=\dimen143
\Gm@layoutheight=\dimen144
\Gm@layouthoffset=\dimen145
\Gm@layoutvoffset=\dimen146
\Gm@dimlist=\toks17
)
(/usr/share/texlive/texmf-dist/tex/latex/amsmath/amsmath.sty
Package: amsmath 2021/10/15 v2.17l AMS math features
\@mathmargin=\skip49

For additional information on amsmath, use the `?' option.
(/usr/share/texlive/texmf-dist/tex/latex/amsmath/amstext.sty
Package: amstext 2021/08/26 v2.01 AMS text

(/usr/share/texlive/texmf-dist/tex/latex/amsmath/amsgen.sty
File: amsgen.sty 1999/11/30 v2.0 generic functions
\@emptytoks=\toks18
\ex@=\dimen147
))
(/usr/share/texlive/texmf-dist/tex/latex/amsmath/amsbsy.sty
Package: amsbsy 1999/11/29 v1.2d Bold Symbols
\pmbraise@=\dimen148
)
(/usr/share/texlive/texmf-dist/tex/latex/amsmath/amsopn.sty
Package: amsopn 2021/08/26 v2.02 operator names
)
\inf@bad=\count197
LaTeX Info: Redefining \frac on input line 234.
\uproot@=\count198
\leftroot@=\count199
LaTeX Info: Redefining \overline on input line 399.
\classnum@=\count266
\DOTSCASE@=\count267
LaTeX Info: Redefining \ldots on input line 496.
LaTeX Info: Redefining \dots on input line 499.
LaTeX Info: Redefining \cdots on input line 620.
\Mathstrutbox@=\box50
\strutbox@=\box51
\big@size=\dimen149
LaTeX Font Info:    Redeclaring font encoding OML on input line 743.
LaTeX Font Info:    Redeclaring font encoding OMS on input line 744.
\macc@depth=\count268
\c@MaxMatrixCols=\count269
\dotsspace@=\muskip16
\c@parentequation=\count270
\dspbrk@lvl=\count271
\tag@help=\toks19
\row@=\count272
\column@=\count273
\maxfields@=\count274
\andhelp@=\toks20
\eqnshift@=\dimen150
\alignsep@=\dimen151
\tagshift@=\dimen152
\tagwidth@=\dimen153
\totwidth@=\dimen154
\lineht@=\dimen155
\@envbody=\toks21
\multlinegap=\skip50
\multlinetaggap=\skip51
\mathdisplay@stack=\toks22
LaTeX Info: Redefining \[ on input line 2938.
LaTeX Info: Redefining \] on input line 2939.
)
(/usr/share/texlive/texmf-dist/tex/latex/tabularray/tabularray.sty
(/usr/share/texlive/texmf-dist/tex/latex/l3kernel/expl3.sty
Package: expl3 2022-01-21 L3 programming layer (loader) 

(/usr/share/texlive/texmf-dist/tex/latex/l3backend/l3backend-pdftex.def
File: l3backend-pdftex.def 2022-01-12 L3 backend support: PDF output (pdfTeX)
\l__color_backend_stack_int=\count275
\l__pdf_internal_box=\box52
))
Package: tabularray 2021-12-01 v2021Q Typeset tabulars and arrays with LaTeX3

(/usr/share/texlive/texmf-dist/tex/latex/l3packages/xparse/xparse.sty
Package: xparse 2022-01-12 L3 Experimental document command parser
)
\l__tblr_a_int=\count276
\l__tblr_c_int=\count277
\l__tblr_r_int=\count278
\l__tblr_d_dim=\dimen156
\l__tblr_h_dim=\dimen157
\l__tblr_o_dim=\dimen158
\l__tblr_p_dim=\dimen159
\l__tblr_q_dim=\dimen160
\l__tblr_r_dim=\dimen161
\l__tblr_s_dim=\dimen162
\l__tblr_t_dim=\dimen163
\l__tblr_v_dim=\dimen164
\l__tblr_w_dim=\dimen165
\l__tblr_a_box=\box53
\l__tblr_b_box=\box54
\l__tblr_c_box=\box55
\l__tblr_d_box=\box56
\g__tblr_table_count_int=\count279
\c@rownum=\count280
\c@colnum=\count281
\c@rowcount=\count282
\c@colcount=\count283
\abovesep=\dimen166
\belowsep=\dimen167
\leftsep=\dimen168
\rightsep=\dimen169
\g_tblr_level_int=\count284
\g__tblr_data_row_key_count_int=\count285
\g__tblr_data_column_key_count_int=\count286
\g__tblr_data_cell_key_count_int=\count287
\g__tblr_array_int=\count288
\l__tblr_key_count_int=\count289
\l__tblr_key_quotient_int=\count290
\l__tblr_key_quotient_two_int=\count291
\l__tblr_key_remainder_int=\count292
\g__tblr_data_str_value_count_int=\count293
\rulewidth=\dimen170
\l__multicolumn_cell_number_int=\count294
\l__tblr_strut_ht_box=\box57
\l__tblr_strut_dp_box=\box58
\g__tblr_cell_wd_dim=\dimen171
\g__tblr_cell_ht_dim=\dimen172
\g__tblr_cell_head_dim=\dimen173
\g__tblr_cell_foot_dim=\dimen174
\l__column_target_dim=\dimen175
\l__tblr_caption_box=\box59
\l__tblr_caption_left_box=\box60
\l__tblr_row_head_box=\box61
\l__tblr_row_foot_box=\box62
\l__tblr_row_head_foot_dim=\dimen176
\tablewidth=\dimen177
\l__tblr_table_firsthead_box=\box63
\l__tblr_table_middlehead_box=\box64
\l__tblr_table_lasthead_box=\box65
\l__tblr_table_firstfoot_box=\box66
\l__tblr_table_middlefoot_box=\box67
\l__tblr_table_lastfoot_box=\box68
\l__tblr_remain_height_dim=\dimen178
\l__tblr_long_from_int=\count295
\l__tblr_long_to_int=\count296
\l__tblr_curr_i_int=\count297
\l__tblr_prev_i_int=\count298
\l__tblr_table_page_int=\count299
\l__tblr_table_head_box=\box69
\l__tblr_table_foot_box=\box70
\l__tblr_table_head_foot_dim=\dimen179
\l__tblr_table_head_body_foot_dim=\dimen180
\l__tblr_table_box=\box71
\l__tblr_table_hlines_box=\box72
\l__tblr_hline_box=\box73
\l__tblr_row_box=\box74
\l__tblr_col_o_wd_dim=\dimen181
\l__tblr_col_b_wd_dim=\dimen182
\l__tblr_hline_leftskip_dim=\dimen183
\l__tblr_hline_rightskip_dim=\dimen184
\l__tblr_row_ht_dim=\dimen185
\l__tblr_row_dp_dim=\dimen186
\l__tblr_row_abovesep_dim=\dimen187
\l__tblr_row_belowsep_dim=\dimen188
\l__tblr_row_vlines_box=\box75
\l__tblr_vline_box=\box76
\l__tblr_cell_box=\box77
\l__row_upper_dim=\dimen189
\l__row_lower_dim=\dimen190
\l__row_vpace_dim=\dimen191
\l__tblr_vline_aboveskip_dim=\dimen192
\l__tblr_vline_belowskip_dim=\dimen193
\l__tblr_cell_wd_dim=\dimen194
\l__tblr_cell_ht_dim=\dimen195
\l__tblr_diag_box=\box78
)
(/usr/share/texlive/texmf-dist/tex/latex/adjustbox/adjustbox.sty
Package: adjustbox 2020/08/19 v1.3 Adjusting TeX boxes (trim, clip, ...)

(/usr/share/texlive/texmf-dist/tex/latex/xkeyval/xkeyval.sty
Package: xkeyval 2020/11/20 v2.8 package option processing (HA)

(/usr/share/texlive/texmf-dist/tex/generic/xkeyval/xkeyval.tex
(/usr/share/texlive/texmf-dist/tex/generic/xkeyval/xkvutils.tex
\XKV@toks=\toks23
\XKV@tempa@toks=\toks24
)
\XKV@depth=\count300
File: xkeyval.tex 2014/12/03 v2.7a key=value parser (HA)
))
(/usr/share/texlive/texmf-dist/tex/latex/adjustbox/adjcalc.sty
Package: adjcalc 2012/05/16 v1.1 Provides advanced setlength with multiple back
-ends (calc, etex, pgfmath)
)
(/usr/share/texlive/texmf-dist/tex/latex/adjustbox/trimclip.sty
Package: trimclip 2020/08/19 v1.2 Trim and clip general TeX material

(/usr/share/texlive/texmf-dist/tex/latex/graphics/graphicx.sty
Package: graphicx 2021/09/16 v1.2d Enhanced LaTeX Graphics (DPC,SPQR)

(/usr/share/texlive/texmf-dist/tex/latex/graphics/graphics.sty
Package: graphics 2021/03/04 v1.4d Standard LaTeX Graphics (DPC,SPQR)

(/usr/share/texlive/texmf-dist/tex/latex/graphics/trig.sty
Package: trig 2021/08/11 v1.11 sin cos tan (DPC)
)
(/usr/share/texlive/texmf-dist/tex/latex/graphics-cfg/graphics.cfg
File: graphics.cfg 2016/06/04 v1.11 sample graphics configuration
)
Package graphics Info: Driver file: pdftex.def on input line 107.

(/usr/share/texlive/texmf-dist/tex/latex/graphics-def/pdftex.def
File: pdftex.def 2020/10/05 v1.2a Graphics/color driver for pdftex
))
\Gin@req@height=\dimen196
\Gin@req@width=\dimen197
)
(/usr/share/texlive/texmf-dist/tex/latex/collectbox/collectbox.sty
Package: collectbox 2012/05/17 v0.4b Collect macro arguments as boxes
\collectedbox=\box79
)
\tc@llx=\dimen198
\tc@lly=\dimen199
\tc@urx=\dimen256
\tc@ury=\dimen257
Package trimclip Info: Using driver 'tc-pdftex.def'.

(/usr/share/texlive/texmf-dist/tex/latex/adjustbox/tc-pdftex.def
File: tc-pdftex.def 2019/01/04 v2.2 Clipping driver for pdftex
))
\adjbox@Width=\dimen258
\adjbox@Height=\dimen259
\adjbox@Depth=\dimen260
\adjbox@Totalheight=\dimen261
\adjbox@pwidth=\dimen262
\adjbox@pheight=\dimen263
\adjbox@pdepth=\dimen264
\adjbox@ptotalheight=\dimen265

(/usr/share/texlive/texmf-dist/tex/latex/ifoddpage/ifoddpage.sty
Package: ifoddpage 2016/04/23 v1.1 Conditionals for odd/even page detection
\c@checkoddpage=\count301
)
(/usr/share/texlive/texmf-dist/tex/latex/varwidth/varwidth.sty
Package: varwidth 2009/03/30 ver 0.92;  Variable-width minipages
\@vwid@box=\box80
\sift@deathcycles=\count302
\@vwid@loff=\dimen266
\@vwid@roff=\dimen267
))
(/usr/share/texlive/texmf-dist/tex/latex/caption/caption.sty
Package: caption 2020/10/26 v3.5g Customizing captions (AR)

(/usr/share/texlive/texmf-dist/tex/latex/caption/caption3.sty
Package: caption3 2020/10/21 v2.2e caption3 kernel (AR)
\captionmargin=\dimen268
\captionmargin@=\dimen269
\captionwidth=\dimen270
\caption@tempdima=\dimen271
\caption@indent=\dimen272
\caption@parindent=\dimen273
\caption@hangindent=\dimen274
Package caption Info: Standard document class detected.
)
\c@caption@flags=\count303
\c@continuedfloat=\count304
)
(/usr/share/texlive/texmf-dist/tex/latex/amsfonts/amssymb.sty
Package: amssymb 2013/01/14 v3.01 AMS font symbols

(/usr/share/texlive/texmf-dist/tex/latex/amsfonts/amsfonts.sty
Package: amsfonts 2013/01/14 v3.01 Basic AMSFonts support
\symAMSa=\mathgroup4
\symAMSb=\mathgroup5
LaTeX Font Info:    Redeclaring math symbol \hbar on input line 98.
LaTeX Font Info:    Overwriting math alphabet `\mathfrak' in version `bold'
(Font)                  U/euf/m/n --> U/euf/b/n on input line 106.
))
(/usr/share/texlive/texmf-dist/tex/latex/txfonts/txfonts.sty
Package: txfonts 2008/01/22 v3.2.1
LaTeX Font Info:    Redeclaring symbol font `operators' on input line 21.
LaTeX Font Info:    Overwriting symbol font `operators' in version `normal'
(Font)                  OT1/cmr/m/n --> OT1/txr/m/n on input line 21.
LaTeX Font Info:    Overwriting symbol font `operators' in version `bold'
(Font)                  OT1/cmr/bx/n --> OT1/txr/m/n on input line 21.
LaTeX Font Info:    Overwriting symbol font `operators' in version `bold'
(Font)                  OT1/txr/m/n --> OT1/txr/bx/n on input line 22.
\symitalic=\mathgroup6
LaTeX Font Info:    Overwriting symbol font `italic' in version `bold'
(Font)                  OT1/txr/m/it --> OT1/txr/bx/it on input line 26.
LaTeX Font Info:    Redeclaring math alphabet \mathbf on input line 29.
LaTeX Font Info:    Overwriting math alphabet `\mathbf' in version `normal'
(Font)                  OT1/cmr/bx/n --> OT1/txr/bx/n on input line 29.
LaTeX Font Info:    Overwriting math alphabet `\mathbf' in version `bold'
(Font)                  OT1/cmr/bx/n --> OT1/txr/bx/n on input line 29.
LaTeX Font Info:    Redeclaring math alphabet \mathit on input line 30.
LaTeX Font Info:    Overwriting math alphabet `\mathit' in version `normal'
(Font)                  OT1/cmr/m/it --> OT1/txr/m/it on input line 30.
LaTeX Font Info:    Overwriting math alphabet `\mathit' in version `bold'
(Font)                  OT1/cmr/bx/it --> OT1/txr/m/it on input line 30.
LaTeX Font Info:    Overwriting math alphabet `\mathit' in version `bold'
(Font)                  OT1/txr/m/it --> OT1/txr/bx/it on input line 31.
LaTeX Font Info:    Redeclaring math alphabet \mathsf on input line 40.
LaTeX Font Info:    Overwriting math alphabet `\mathsf' in version `normal'
(Font)                  OT1/cmss/m/n --> OT1/txss/m/n on input line 40.
LaTeX Font Info:    Overwriting math alphabet `\mathsf' in version `bold'
(Font)                  OT1/cmss/bx/n --> OT1/txss/m/n on input line 40.
LaTeX Font Info:    Overwriting math alphabet `\mathsf' in version `bold'
(Font)                  OT1/txss/m/n --> OT1/txss/b/n on input line 41.
LaTeX Font Info:    Redeclaring math alphabet \mathtt on input line 50.
LaTeX Font Info:    Overwriting math alphabet `\mathtt' in version `normal'
(Font)                  OT1/cmtt/m/n --> OT1/txtt/m/n on input line 50.
LaTeX Font Info:    Overwriting math alphabet `\mathtt' in version `bold'
(Font)                  OT1/cmtt/m/n --> OT1/txtt/m/n on input line 50.
LaTeX Font Info:    Overwriting math alphabet `\mathtt' in version `bold'
(Font)                  OT1/txtt/m/n --> OT1/txtt/b/n on input line 51.
LaTeX Font Info:    Redeclaring symbol font `letters' on input line 58.
LaTeX Font Info:    Overwriting symbol font `letters' in version `normal'
(Font)                  OML/cmm/m/it --> OML/txmi/m/it on input line 58.
LaTeX Font Info:    Overwriting symbol font `letters' in version `bold'
(Font)                  OML/cmm/b/it --> OML/txmi/m/it on input line 58.
LaTeX Font Info:    Overwriting symbol font `letters' in version `bold'
(Font)                  OML/txmi/m/it --> OML/txmi/bx/it on input line 59.
\symlettersA=\mathgroup7
LaTeX Font Info:    Overwriting symbol font `lettersA' in version `bold'
(Font)                  U/txmia/m/it --> U/txmia/bx/it on input line 67.
LaTeX Font Info:    Redeclaring math alphabet \mathfrak on input line 70.
LaTeX Font Info:    Redeclaring symbol font `symbols' on input line 77.
LaTeX Font Info:    Overwriting symbol font `symbols' in version `normal'
(Font)                  OMS/cmsy/m/n --> OMS/txsy/m/n on input line 77.
LaTeX Font Info:    Overwriting symbol font `symbols' in version `bold'
(Font)                  OMS/cmsy/b/n --> OMS/txsy/m/n on input line 77.
LaTeX Font Info:    Overwriting symbol font `symbols' in version `bold'
(Font)                  OMS/txsy/m/n --> OMS/txsy/bx/n on input line 78.
LaTeX Font Info:    Redeclaring symbol font `AMSa' on input line 93.
LaTeX Font Info:    Overwriting symbol font `AMSa' in version `normal'
(Font)                  U/msa/m/n --> U/txsya/m/n on input line 93.
LaTeX Font Info:    Overwriting symbol font `AMSa' in version `bold'
(Font)                  U/msa/m/n --> U/txsya/m/n on input line 93.
LaTeX Font Info:    Overwriting symbol font `AMSa' in version `bold'
(Font)                  U/txsya/m/n --> U/txsya/bx/n on input line 94.
LaTeX Font Info:    Redeclaring symbol font `AMSb' on input line 102.
LaTeX Font Info:    Overwriting symbol font `AMSb' in version `normal'
(Font)                  U/msb/m/n --> U/txsyb/m/n on input line 102.
LaTeX Font Info:    Overwriting symbol font `AMSb' in version `bold'
(Font)                  U/msb/m/n --> U/txsyb/m/n on input line 102.
LaTeX Font Info:    Overwriting symbol font `AMSb' in version `bold'
(Font)                  U/txsyb/m/n --> U/txsyb/bx/n on input line 103.
\symsymbolsC=\mathgroup8
LaTeX Font Info:    Overwriting symbol font `symbolsC' in version `bold'
(Font)                  U/txsyc/m/n --> U/txsyc/bx/n on input line 113.
LaTeX Font Info:    Redeclaring symbol font `largesymbols' on input line 120.
LaTeX Font Info:    Overwriting symbol font `largesymbols' in version `normal'
(Font)                  OMX/cmex/m/n --> OMX/txex/m/n on input line 120.
LaTeX Font Info:    Overwriting symbol font `largesymbols' in version `bold'
(Font)                  OMX/cmex/m/n --> OMX/txex/m/n on input line 120.
LaTeX Font Info:    Overwriting symbol font `largesymbols' in version `bold'
(Font)                  OMX/txex/m/n --> OMX/txex/bx/n on input line 121.
\symlargesymbolsA=\mathgroup9
LaTeX Font Info:    Overwriting symbol font `largesymbolsA' in version `bold'
(Font)                  U/txexa/m/n --> U/txexa/bx/n on input line 129.
LaTeX Font Info:    Redeclaring math symbol \mathsterling on input line 164.
LaTeX Info: Redefining \not on input line 1043.
)
(/usr/share/texlive/texmf-dist/tex/latex/doublestroke/dsfont.sty
Package: dsfont 1995/08/01 v0.1 Double stroke roman fonts
)
(/usr/share/texlive/texmf-dist/tex/latex/booktabs/booktabs.sty
Package: booktabs 2020/01/12 v1.61803398 Publication quality tables
\heavyrulewidth=\dimen275
\lightrulewidth=\dimen276
\cmidrulewidth=\dimen277
\belowrulesep=\dimen278
\belowbottomsep=\dimen279
\aboverulesep=\dimen280
\abovetopsep=\dimen281
\cmidrulesep=\dimen282
\cmidrulekern=\dimen283
\defaultaddspace=\dimen284
\@cmidla=\count305
\@cmidlb=\count306
\@aboverulesep=\dimen285
\@belowrulesep=\dimen286
\@thisruleclass=\count307
\@lastruleclass=\count308
\@thisrulewidth=\dimen287
)
(/usr/share/texlive/texmf-dist/tex/latex/etoolbox/etoolbox.sty
Package: etoolbox 2020/10/05 v2.5k e-TeX tools for LaTeX (JAW)
\etb@tempcnta=\count309
)
(/usr/share/texlive/texmf-dist/tex/latex/tools/array.sty
Package: array 2021/10/04 v2.5f Tabular extension package (FMi)
\col@sep=\dimen288
\ar@mcellbox=\box81
\extrarowheight=\dimen289
\NC@list=\toks25
\extratabsurround=\skip52
\backup@length=\skip53
\ar@cellbox=\box82
)
(/usr/share/texlive/texmf-dist/tex/latex/siunitx/siunitx.sty
Package: siunitx 2022-02-02 v3.0.46 A comprehensive (SI) units package
\l__siunitx_angle_tmp_dim=\dimen290
\l__siunitx_angle_marker_box=\box83
\l__siunitx_angle_unit_box=\box84
\l__siunitx_compound_count_int=\count310

(/usr/share/texlive/texmf-dist/tex/latex/translations/translations.sty
Package: translations 2022/01/04 v1.11 internationalization of LaTeX2e packages
 (CN)

(/usr/share/texlive/texmf-dist/tex/generic/pdftexcmds/pdftexcmds.sty
Package: pdftexcmds 2020-06-27 v0.33 Utility functions of pdfTeX for LuaTeX (HO
)

(/usr/share/texlive/texmf-dist/tex/generic/infwarerr/infwarerr.sty
Package: infwarerr 2019/12/03 v1.5 Providing info/warning/error messages (HO)
)
(/usr/share/texlive/texmf-dist/tex/generic/ltxcmds/ltxcmds.sty
Package: ltxcmds 2020-05-10 v1.25 LaTeX kernel commands for general use (HO)
)
Package pdftexcmds Info: \pdf@primitive is available.
Package pdftexcmds Info: \pdf@ifprimitive is available.
Package pdftexcmds Info: \pdfdraftmode found.
))
\l__siunitx_number_exponent_fixed_int=\count311
\l__siunitx_number_min_decimal_int=\count312
\l__siunitx_number_min_integer_int=\count313
\l__siunitx_number_round_precision_int=\count314
\l__siunitx_number_group_minimum_int=\count315
\l__siunitx_table_tmp_box=\box85
\l__siunitx_table_tmp_dim=\dimen291
\l__siunitx_table_column_width_dim=\dimen292
\l__siunitx_table_integer_box=\box86
\l__siunitx_table_decimal_box=\box87
\l__siunitx_table_before_box=\box88
\l__siunitx_table_after_box=\box89
\l__siunitx_table_before_dim=\dimen293
\l__siunitx_table_carry_dim=\dimen294
\l__siunitx_unit_tmp_int=\count316
\l__siunitx_unit_position_int=\count317
\l__siunitx_unit_total_int=\count318

(/usr/share/texlive/texmf-dist/tex/latex/l3packages/l3keys2e/l3keys2e.sty
Package: l3keys2e 2022-01-12 LaTeX2e option processing using LaTeX3 keys
))
(/usr/share/texlive/texmf-dist/tex/latex/fancyhdr/fancyhdr.sty
Package: fancyhdr 2021/01/28 v4.0.1 Extensive control of page headers and foote
rs
\f@nch@headwidth=\skip54
\f@nch@O@elh=\skip55
\f@nch@O@erh=\skip56
\f@nch@O@olh=\skip57
\f@nch@O@orh=\skip58
\f@nch@O@elf=\skip59
\f@nch@O@erf=\skip60
\f@nch@O@olf=\skip61
\f@nch@O@orf=\skip62
)
(/usr/share/texlive/texmf-dist/tex/latex/subfig/subfig.sty
Package: subfig 2005/06/28 ver: 1.3 subfig package
\c@KVtest=\count319
\sf@farskip=\skip63
\sf@captopadj=\dimen295
\sf@capskip=\skip64
\sf@nearskip=\skip65
\c@subfigure=\count320
\c@subfigure@save=\count321
\c@lofdepth=\count322
\c@subtable=\count323
\c@subtable@save=\count324
\c@lotdepth=\count325
\sf@top=\skip66
\sf@bottom=\skip67
)
(/usr/share/texlive/texmf-dist/tex/latex/float/float.sty
Package: float 2001/11/08 v1.3d Float enhancements (AL)
\c@float@type=\count326
\float@exts=\toks26
\float@box=\box90
\@float@everytoks=\toks27
\@floatcapt=\box91
)
(/usr/share/texlive/texmf-dist/tex/latex/epigraph/epigraph.sty
Package: epigraph 2020/01/02 v1.5e typesetting epigraphs

(/usr/share/texlive/texmf-dist/tex/latex/nextpage/nextpage.sty
Package: nextpage 2009/09/03 v1.1a additional page commands
)
\beforeepigraphskip=\skip68
\afterepigraphskip=\skip69
\epigraphwidth=\skip70
\epigraphrule=\skip71
)
(/usr/share/texlive/texmf-dist/tex/latex/xcolor/xcolor.sty
Package: xcolor 2021/10/31 v2.13 LaTeX color extensions (UK)

(/usr/share/texlive/texmf-dist/tex/latex/graphics-cfg/color.cfg
File: color.cfg 2016/01/02 v1.6 sample color configuration
)
Package xcolor Info: Driver file: pdftex.def on input line 227.
Package xcolor Info: Model `cmy' substituted by `cmy0' on input line 1352.
Package xcolor Info: Model `hsb' substituted by `rgb' on input line 1356.
Package xcolor Info: Model `RGB' extended on input line 1368.
Package xcolor Info: Model `HTML' substituted by `rgb' on input line 1370.
Package xcolor Info: Model `Hsb' substituted by `hsb' on input line 1371.
Package xcolor Info: Model `tHsb' substituted by `hsb' on input line 1372.
Package xcolor Info: Model `HSB' substituted by `hsb' on input line 1373.
Package xcolor Info: Model `Gray' substituted by `gray' on input line 1374.
Package xcolor Info: Model `wave' substituted by `hsb' on input line 1375.

(/usr/share/texlive/texmf-dist/tex/latex/graphics/dvipsnam.def
File: dvipsnam.def 2016/06/17 v3.0m Driver-dependent file (DPC,SPQR)
))
(/usr/share/texlive/texmf-dist/tex/generic/ulem/ulem.sty
\UL@box=\box92
\UL@hyphenbox=\box93
\UL@skip=\skip72
\UL@hook=\toks28
\UL@height=\dimen296
\UL@pe=\count327
\UL@pixel=\dimen297
\ULC@box=\box94
Package: ulem 2019/11/18
\ULdepth=\dimen298
)
(/usr/share/texlive/texmf-dist/tex/latex/lineno/lineno.sty
Package: lineno 2005/11/02 line numbers on paragraphs v4.41
\linenopenalty=\count328
\output=\toks29
\linenoprevgraf=\count329
\linenumbersep=\dimen299
\linenumberwidth=\dimen300
\c@linenumber=\count330
\c@pagewiselinenumber=\count331
\c@LN@truepage=\count332
\c@internallinenumber=\count333
\c@internallinenumbers=\count334
\quotelinenumbersep=\dimen301
\bframerule=\dimen302
\bframesep=\dimen303
\bframebox=\box95
LaTeX Info: Redefining \\ on input line 3056.
)
Package translations Info: No language package found. I am going to use `englis
h' as default language. on input line 80.
LaTeX Font Info:    Trying to load font information for OT1+txr on input line 8
0.

(/usr/share/texlive/texmf-dist/tex/latex/txfonts/ot1txr.fd
File: ot1txr.fd 2000/12/15 v3.1
) (./diss_kulikov.aux (./summary/list_of_abbreviations.aux) (./introduction/int
roduction.aux)
(./epr_basics/epr_basics.aux

LaTeX Warning: Label `eq:Bloch' multiply defined.


LaTeX Warning: Label `eq:Bloch' multiply defined.

) (./materials/materials.aux

LaTeX Warning: Label `fig:Figure_1' multiply defined.

) (./operando_epr/operando_epr.aux) (./pulse/pulse.aux) (./outlook/outlook.aux)
(./appendix/A-EMRE.aux) (./appendix/B-DFT.aux) (./appendix/C-Samples.aux))
\openout1 = `diss_kulikov.aux'.

LaTeX Font Info:    Checking defaults for OML/txmi/m/it on input line 80.
LaTeX Font Info:    Trying to load font information for OML+txmi on input line 
80.

(/usr/share/texlive/texmf-dist/tex/latex/txfonts/omltxmi.fd
File: omltxmi.fd 2000/12/15 v3.1
)
LaTeX Font Info:    ... okay on input line 80.
LaTeX Font Info:    Checking defaults for OMS/txsy/m/n on input line 80.
LaTeX Font Info:    Trying to load font information for OMS+txsy on input line 
80.

(/usr/share/texlive/texmf-dist/tex/latex/txfonts/omstxsy.fd
File: omstxsy.fd 2000/12/15 v3.1
)
LaTeX Font Info:    ... okay on input line 80.
LaTeX Font Info:    Checking defaults for OT1/cmr/m/n on input line 80.
LaTeX Font Info:    ... okay on input line 80.
LaTeX Font Info:    Checking defaults for T1/cmr/m/n on input line 80.
LaTeX Font Info:    ... okay on input line 80.
LaTeX Font Info:    Checking defaults for TS1/cmr/m/n on input line 80.
LaTeX Font Info:    ... okay on input line 80.
LaTeX Font Info:    Checking defaults for OMX/txex/m/n on input line 80.
LaTeX Font Info:    Trying to load font information for OMX+txex on input line 
80.

(/usr/share/texlive/texmf-dist/tex/latex/txfonts/omxtxex.fd
File: omxtxex.fd 2000/12/15 v3.1
)
LaTeX Font Info:    ... okay on input line 80.
LaTeX Font Info:    Checking defaults for U/txexa/m/n on input line 80.
LaTeX Font Info:    Trying to load font information for U+txexa on input line 8
0.

(/usr/share/texlive/texmf-dist/tex/latex/txfonts/utxexa.fd
File: utxexa.fd 2000/12/15 v3.1
)
LaTeX Font Info:    ... okay on input line 80.

*geometry* driver: auto-detecting
*geometry* detected driver: pdftex
*geometry* verbose mode - [ preamble ] result:
* driver: pdftex
* paper: a4paper
* layout: <same size as paper>
* layoutoffset:(h,v)=(0.0pt,0.0pt)
* modes: twoside 
* h-part:(L,W,R)=(71.70166pt, 418.25368pt, 107.55254pt)
* v-part:(T,H,B)=(101.40665pt, 591.5302pt, 152.11pt)
* \paperwidth=597.50787pt
* \paperheight=845.04684pt
* \textwidth=418.25368pt
* \textheight=591.5302pt
* \oddsidemargin=-0.56833pt
* \evensidemargin=35.28255pt
* \topmargin=-2.73714pt
* \headheight=14.5pt
* \headsep=19.8738pt
* \topskip=12.0pt
* \footskip=56.9055pt
* \marginparwidth=88.0pt
* \marginparsep=5.69046pt
* \columnsep=10.0pt
* \skip\footins=10.8pt plus 4.0pt minus 2.0pt
* \hoffset=0.0pt
* \voffset=0.0pt
* \mag=1000
* \@twocolumnfalse
* \@twosidetrue
* \@mparswitchtrue
* \@reversemarginfalse
* (1in=72.27pt=25.4mm, 1cm=28.453pt)

(/usr/share/texlive/texmf-dist/tex/latex/ninecolors/ninecolors.sty
Package: ninecolors 2021/05/24 v2021C Select colors with proper color contrast
)
(/usr/share/texlive/texmf-dist/tex/context/base/mkii/supp-pdf.mkii
[Loading MPS to PDF converter (version 2006.09.02).]
\scratchcounter=\count335
\scratchdimen=\dimen304
\scratchbox=\box96
\nofMPsegments=\count336
\nofMParguments=\count337
\everyMPshowfont=\toks30
\MPscratchCnt=\count338
\MPscratchDim=\dimen305
\MPnumerator=\count339
\makeMPintoPDFobject=\count340
\everyMPtoPDFconversion=\toks31
) (/usr/share/texlive/texmf-dist/tex/latex/epstopdf-pkg/epstopdf-base.sty
Package: epstopdf-base 2020-01-24 v2.11 Base part for package epstopdf
Package epstopdf-base Info: Redefining graphics rule for `.eps' on input line 4
85.

(/usr/share/texlive/texmf-dist/tex/latex/latexconfig/epstopdf-sys.cfg
File: epstopdf-sys.cfg 2010/07/13 v1.3 Configuration of (r)epstopdf for TeX Liv
e
))
Package caption Info: Begin \AtBeginDocument code.
Package caption Info: subfig package v1.3 is loaded.
Package caption Info: float package is loaded.
Package caption Info: End \AtBeginDocument code.

(/usr/share/texlive/texmf-dist/tex/latex/translations/translations-basic-dictio
nary-english.trsl
File: translations-basic-dictionary-english.trsl (english translation file `tra
nslations-basic-dictionary')
)
Package translations Info: loading dictionary `translations-basic-dictionary' f
or `english'. on input line 80.
LaTeX Font Info:    Font shape `OT1/txr/b/n' in size <12> not available
(Font)              Font shape `OT1/txr/bx/n' tried instead on input line 93.
 [1

{/var/lib/texmf/fonts/map/pdftex/updmap/pdftex.map}]
Underfull \hbox (badness 10000) in paragraph at lines 109--112

 []

[2]
LaTeX Font Info:    Font shape `OT1/txr/b/n' in size <24.88> not available
(Font)              Font shape `OT1/txr/bx/n' tried instead on input line 114.
 (./diss_kulikov.toc
LaTeX Font Info:    Trying to load font information for U+txsya on input line 2
.

(/usr/share/texlive/texmf-dist/tex/latex/txfonts/utxsya.fd
File: utxsya.fd 2000/12/15 v3.1
)
LaTeX Font Info:    Trying to load font information for U+txsyb on input line 2
.

(/usr/share/texlive/texmf-dist/tex/latex/txfonts/utxsyb.fd
File: utxsyb.fd 2000/12/15 v3.1
)
LaTeX Font Info:    Trying to load font information for U+txmia on input line 2
.

(/usr/share/texlive/texmf-dist/tex/latex/txfonts/utxmia.fd
File: utxmia.fd 2000/12/15 v3.1
)
LaTeX Font Info:    Trying to load font information for U+txsyc on input line 2
.

(/usr/share/texlive/texmf-dist/tex/latex/txfonts/utxsyc.fd
File: utxsyc.fd 2000/12/15 v3.1
) [3

] [4]
Overfull \hbox (3.61836pt too wide) in paragraph at lines 84--84
 [][] []\OT1/txr/m/n/12 Estimation of Lo-cal Spin Con-cen-tra-tions with In-sta
n-ta-neous Dif- 
 []

)
\tf@toc=\write3
\openout3 = `diss_kulikov.toc'.

 [5]
\openout2 = `summary/list_of_abbreviations.aux'.

 (./summary/list_of_abbreviations.tex
> Step: init table outer spec.
> Step: parse table options.
> Step: split table.
> Step: init table inner spec.
> Step: parse table inner spec.
> Step: execute table commands.
> Step: calculate cell and line sizes.


Package tabularray Warning: Table width is too small, need 32.01012pt more!

> Step: build the whole table.

Overfull \hbox (32.01012pt too wide) in paragraph at lines 79--80
 [][] 
 []

) [6]
\openout2 = `introduction/introduction.aux'.

 (./introduction/introduction.tex
Chapter 1.

Underfull \hbox (badness 10000) in paragraph at lines 14--15

 []

LaTeX Font Info:    Font shape `OT1/txr/b/n' in size <17.28> not available
(Font)              Font shape `OT1/txr/bx/n' tried instead on input line 16.

Underfull \vbox (badness 10000) has occurred while \output is active []

 [7





]
<./electrochemistry/figures/echem_cells.pdf, id=32, 697.33069pt x 244.66728pt>
File: ./electrochemistry/figures/echem_cells.pdf Graphic file (type pdf)
<use ./electrochemistry/figures/echem_cells.pdf>
Package pdftex.def Info: ./electrochemistry/figures/echem_cells.pdf  used on in
put line 21.
(pdftex.def)             Requested size: 397.3397pt x 139.41325pt.

Underfull \hbox (badness 10000) in paragraph at lines 26--27

 []

LaTeX Font Info:    Font shape `OT1/txr/b/n' in size <14.4> not available
(Font)              Font shape `OT1/txr/bx/n' tried instead on input line 29.

Underfull \vbox (badness 10000) has occurred while \output is active []

 [8 <./electrochemistry/figures/echem_cells.pdf>]
Overfull \hbox (6.09096pt too wide) in paragraph at lines 34--34
[]\OT1/txr/bx/n/17.28 Experimental Tech-niques for Char-ac-ter-iz-ing Bat-tery
 []


Underfull \hbox (badness 10000) in paragraph at lines 35--36

 []


Underfull \hbox (badness 10000) in paragraph at lines 37--39

 []

[9]
Underfull \hbox (badness 10000) in paragraph at lines 40--41

 []


Underfull \hbox (badness 10000) in paragraph at lines 47--48

 []


Underfull \hbox (badness 10000) in paragraph at lines 54--55

 []

[10]
Overfull \hbox (1.20319pt too wide) in paragraph at lines 57--60
[]\OT1/txr/m/n/12 The trans-fer of charge be-tween the metal-lic sub-strate of 
the elec-trode and the surface-
 []


Underfull \hbox (badness 10000) in paragraph at lines 57--60

 []


Underfull \hbox (badness 10000) in paragraph at lines 66--67

 []


Underfull \vbox (badness 10000) has occurred while \output is active []

 [11])
[12]
\openout2 = `epr_basics/epr_basics.aux'.

 (./epr_basics/epr_basics.tex
Chapter 2.
[13




]
LaTeX Font Info:    Font shape `OT1/txr/b/n' in size <8> not available
(Font)              Font shape `OT1/txr/bx/n' tried instead on input line 25.
LaTeX Font Info:    Font shape `OT1/txr/b/n' in size <6> not available
(Font)              Font shape `OT1/txr/bx/n' tried instead on input line 25.
 [14]
LaTeX Font Info:    Trying to load font information for U+dsrom on input line 5
3.
 (/usr/share/texlive/texmf-dist/tex/latex/doublestroke/Udsrom.fd
File: Udsrom.fd 1995/08/01 v0.1 Double stroke roman font definitions
)
Underfull \hbox (badness 10000) in paragraph at lines 56--57

 []

[15]
<./operando_epr/figures/energy_diagram.pdf, id=71, 1002.47449pt x 485.46217pt>
File: ./operando_epr/figures/energy_diagram.pdf Graphic file (type pdf)
<use ./operando_epr/figures/energy_diagram.pdf>
Package pdftex.def Info: ./operando_epr/figures/energy_diagram.pdf  used on inp
ut line 74.
(pdftex.def)             Requested size: 418.25368pt x 202.54454pt.


LaTeX Warning: `h' float specifier changed to `ht'.


Overfull \hbox (6.47116pt too wide) in paragraph at lines 81--81
[]\OT1/txr/bx/n/17.28 Continuous-Wave Elec-tron Para-m-ag-netic Res-o-nance 
 []

<../scripts/plots/Free_Electron_EPRcombo.pdf, id=72, 700.11563pt x 228.855pt>
File: ../scripts/plots/Free_Electron_EPRcombo.pdf Graphic file (type pdf)
<use ../scripts/plots/Free_Electron_EPRcombo.pdf>
Package pdftex.def Info: ../scripts/plots/Free_Electron_EPRcombo.pdf  used on i
nput line 92.
(pdftex.def)             Requested size: 418.25368pt x 136.7204pt.
[16]

LaTeX Warning: `h' float specifier changed to `ht'.

<./operando_epr/figures/cwEPR_spectrometer_diagram.pdf, id=76, 368.19757pt x 21
1.42578pt>
File: ./operando_epr/figures/cwEPR_spectrometer_diagram.pdf Graphic file (type 
pdf)
<use ./operando_epr/figures/cwEPR_spectrometer_diagram.pdf>
Package pdftex.def Info: ./operando_epr/figures/cwEPR_spectrometer_diagram.pdf 
 used on input line 107.
(pdftex.def)             Requested size: 376.42575pt x 216.1547pt.

LaTeX Warning: `h' float specifier changed to `ht'.

[17 <./operando_epr/figures/energy_diagram.pdf>]
Underfull \vbox (badness 2460) has occurred while \output is active []

 [18 <../scripts/plots/Free_Electron_EPRcombo.pdf>]
Underfull \hbox (badness 10000) in paragraph at lines 123--124

 []

[19 <./operando_epr/figures/cwEPR_spectrometer_diagram.pdf>]
<./pulse/figures/pEPR_spectrometer_diagram.pdf, id=111, 368.19757pt x 196.74377
pt>
File: ./pulse/figures/pEPR_spectrometer_diagram.pdf Graphic file (type pdf)
<use ./pulse/figures/pEPR_spectrometer_diagram.pdf>
Package pdftex.def Info: ./pulse/figures/pEPR_spectrometer_diagram.pdf  used on
 input line 160.
(pdftex.def)             Requested size: 418.25368pt x 223.49466pt.


LaTeX Warning: `h' float specifier changed to `ht'.


Underfull \hbox (badness 10000) in paragraph at lines 167--168

 []

[20]
Underfull \vbox (badness 10000) has occurred while \output is active []

 [21 <./pulse/figures/pEPR_spectrometer_diagram.pdf>]) [22]
\openout2 = `materials/materials.aux'.

 (./materials/materials.tex
Chapter 3.

Underfull \hbox (badness 10000) in paragraph at lines 8--10

 []

[23




]
Underfull \hbox (badness 10000) in paragraph at lines 13--15

 []


Underfull \hbox (badness 10000) in paragraph at lines 16--17

 []


Underfull \hbox (badness 10000) in paragraph at lines 19--20

 []


Underfull \vbox (badness 10000) has occurred while \output is active []

 [24]
Underfull \hbox (badness 10000) in paragraph at lines 25--26

 []

<./electrochemistry/figures/materials/electrolytes.pdf, id=129, 3432.10405pt x 
1799.95251pt>
File: ./electrochemistry/figures/materials/electrolytes.pdf Graphic file (type 
pdf)
<use ./electrochemistry/figures/materials/electrolytes.pdf>
Package pdftex.def Info: ./electrochemistry/figures/materials/electrolytes.pdf 
 used on input line 30.
(pdftex.def)             Requested size: 376.42575pt x 197.39116pt.

LaTeX Warning: `h' float specifier changed to `ht'.

[25]
Underfull \hbox (badness 10000) in paragraph at lines 48--49

 []

[26 <./electrochemistry/figures/materials/electrolytes.pdf>]
Overfull \hbox (8.25038pt too wide) in paragraph at lines 53--54
 \OT1/txr/bx/n/12 State Of Health[] \OT1/txr/m/n/12 The ca-pac-ity of a bat-ter
y may de-crease upon re-peated charge-discharge
 []


Underfull \hbox (badness 10000) in paragraph at lines 57--58

 []


Underfull \vbox (badness 10000) has occurred while \output is active []

 [27]
<./electrochemistry/figures/CV_pDiTBuS.pdf, id=156, 864.10083pt x 481.8pt>
File: ./electrochemistry/figures/CV_pDiTBuS.pdf Graphic file (type pdf)
<use ./electrochemistry/figures/CV_pDiTBuS.pdf>
Package pdftex.def Info: ./electrochemistry/figures/CV_pDiTBuS.pdf  used on inp
ut line 61.
(pdftex.def)             Requested size: 418.25368pt x 233.20221pt.

Underfull \hbox (badness 10000) in paragraph at lines 67--68

 []

[28 <./electrochemistry/figures/CV_pDiTBuS.pdf>]
<./electrochemistry/figures/GCD_principle_pDiTBuS.pdf, id=170, 864.10083pt x 48
1.8pt>
File: ./electrochemistry/figures/GCD_principle_pDiTBuS.pdf Graphic file (type p
df)
<use ./electrochemistry/figures/GCD_principle_pDiTBuS.pdf>
Package pdftex.def Info: ./electrochemistry/figures/GCD_principle_pDiTBuS.pdf  
used on input line 77.
(pdftex.def)             Requested size: 418.25368pt x 233.20221pt.


LaTeX Warning: `h' float specifier changed to `ht'.


Underfull \hbox (badness 10000) in paragraph at lines 82--83

 []

[29] [30 <./electrochemistry/figures/GCD_principle_pDiTBuS.pdf>]
Underfull \hbox (badness 10000) in paragraph at lines 97--98

 []

<./electrochemistry/figures/ethylene.png, id=199, 1149.5447pt x 230.36063pt>
File: ./electrochemistry/figures/ethylene.png Graphic file (type png)
<use ./electrochemistry/figures/ethylene.png>
Package pdftex.def Info: ./electrochemistry/figures/ethylene.png  used on input
 line 103.
(pdftex.def)             Requested size: 355.51817pt x 71.24232pt.
<./electrochemistry/figures/conjugation.pdf, id=200, 491.5879pt x 443.78177pt>
File: ./electrochemistry/figures/conjugation.pdf Graphic file (type pdf)
<use ./electrochemistry/figures/conjugation.pdf>
Package pdftex.def Info: ./electrochemistry/figures/conjugation.pdf  used on in
put line 111.
(pdftex.def)             Requested size: 188.21288pt x 169.91187pt.
<./electrochemistry/figures/bandgap.pdf, id=201, 698.94904pt x 582.27199pt>
File: ./electrochemistry/figures/bandgap.pdf Graphic file (type pdf)
<use ./electrochemistry/figures/bandgap.pdf>
Package pdftex.def Info: ./electrochemistry/figures/bandgap.pdf  used on input 
line 114.
(pdftex.def)             Requested size: 230.04079pt x 191.63503pt.

Overfull \hbox (5.99998pt too wide) in paragraph at lines 111--115
 [][][] 
 []


LaTeX Warning: `h' float specifier changed to `ht'.


Underfull \hbox (badness 10000) in paragraph at lines 119--120

 []

[31 <./electrochemistry/figures/ethylene.png>]
Underfull \hbox (badness 10000) in paragraph at lines 121--122

 []


Underfull \hbox (badness 10000) in paragraph at lines 123--124

 []

[32 <./electrochemistry/figures/conjugation.pdf> <./electrochemistry/figures/ba
ndgap.pdf

pdfTeX warning: /usr/bin/pdflatex (file ./electrochemistry/figures/bandgap.pdf)
: PDF inclusion: multiple pdfs with page group included in a single page
>]
<./electrochemistry/figures/hopping.png, id=217, 653.3208pt x 211.7511pt>
File: ./electrochemistry/figures/hopping.png Graphic file (type png)
<use ./electrochemistry/figures/hopping.png>
Package pdftex.def Info: ./electrochemistry/figures/hopping.png  used on input 
line 127.
(pdftex.def)             Requested size: 313.69025pt x 101.67168pt.

Overfull \hbox (8.1416pt too wide) in paragraph at lines 138--139
\OT1/txr/m/n/12 TEMPO (2,2,6,6-tetramethylpiperidine-1-oxyl) shown in Fig-ure 3
.7[] a) is a small molecule
 []

[33 <./electrochemistry/figures/hopping.png>]
<./electrochemistry/figures/materials/molecules.pdf, id=223, 363.88467pt x 161.
81473pt>
File: ./electrochemistry/figures/materials/molecules.pdf Graphic file (type pdf
)
<use ./electrochemistry/figures/materials/molecules.pdf>
Package pdftex.def Info: ./electrochemistry/figures/materials/molecules.pdf  us
ed on input line 142.
(pdftex.def)             Requested size: 418.25368pt x 185.99411pt.

Overfull \hbox (10.46962pt too wide) in paragraph at lines 149--150
\OT1/txr/m/n/12 BuS (poly-di-TEMPO-Butyl-Salen) shown in Fig-ure 3.9[], demon-s
trate par-tic-u-larly promis-
 []

[34 <./electrochemistry/figures/materials/molecules.pdf>]
Overfull \hbox (15.77359pt too wide) in paragraph at lines 162--164
\OT1/txr/m/n/12 Redox con-duc-tive con-ju-gated poly-mers con-tain-ing TEMPO (2
,2,6,6-tetramethylpiperidine-
 []

[35]
<./introduction/figures/Figure_1.pdf, id=241, 586.62135pt x 422.31458pt>
File: ./introduction/figures/Figure_1.pdf Graphic file (type pdf)
<use ./introduction/figures/Figure_1.pdf>
Package pdftex.def Info: ./introduction/figures/Figure_1.pdf  used on input lin
e 167.
(pdftex.def)             Requested size: 292.77629pt x 210.77657pt.
<./electrochemistry/figures/materials/DiTS_SEM.png, id=242, 466.8642pt x 320.15
61pt>
File: ./electrochemistry/figures/materials/DiTS_SEM.png Graphic file (type png)

<use ./electrochemistry/figures/materials/DiTS_SEM.png>
Package pdftex.def Info: ./electrochemistry/figures/materials/DiTS_SEM.png  use
d on input line 176.
(pdftex.def)             Requested size: 292.77629pt x 200.78098pt.


LaTeX Warning: `!h' float specifier changed to `!ht'.

<./electrochemistry/figures/DITBUS_DEPO.pdf, id=243, 780.83829pt x 929.91324pt>

File: ./electrochemistry/figures/DITBUS_DEPO.pdf Graphic file (type pdf)
<use ./electrochemistry/figures/DITBUS_DEPO.pdf>
Package pdftex.def Info: ./electrochemistry/figures/DITBUS_DEPO.pdf  used on in
put line 185.
(pdftex.def)             Requested size: 271.86234pt x 323.77179pt.

LaTeX Warning: `!h' float specifier changed to `!ht'.


LaTeX Warning: Citation `Novozhilova_2009Vereshchagin2020' on page 36 undefined
 on input line 190.


Underfull \hbox (badness 10000) in paragraph at lines 190--191

 []


Underfull \vbox (badness 10000) has occurred while \output is active []

 [36 <./introduction/figures/Figure_1.pdf>]
Underfull \hbox (badness 10000) in paragraph at lines 192--193

 []


Underfull \vbox (badness 1308) has occurred while \output is active []

 [37 <./electrochemistry/figures/materials/DiTS_SEM.png>]
<./electrochemistry/figures/electropolymerization_reaction.pdf, id=283, 1783.67
159pt x 432.67795pt>
File: ./electrochemistry/figures/electropolymerization_reaction.pdf Graphic fil
e (type pdf)
<use ./electrochemistry/figures/electropolymerization_reaction.pdf>
Package pdftex.def Info: ./electrochemistry/figures/electropolymerization_react
ion.pdf  used on input line 196.
(pdftex.def)             Requested size: 418.25368pt x 101.45485pt.


LaTeX Warning: Citation `vereshchagin2020_battandsupercaps' on page 38 undefine
d on input line 208.

[38 <./electrochemistry/figures/DITBUS_DEPO.pdf>]

LaTeX Warning: Reference `Release' on page 39 undefined on input line 212.


LaTeX Warning: Reference `Degradation_study' on page 39 undefined on input line
 216.

[39 <./electrochemistry/figures/electropolymerization_reaction.pdf>]
<./pulse/figures/Figure_S3.pdf, id=308, 602.25pt x 481.8pt>
File: ./pulse/figures/Figure_S3.pdf Graphic file (type pdf)
<use ./pulse/figures/Figure_S3.pdf>
Package pdftex.def Info: ./pulse/figures/Figure_S3.pdf  used on input line 224.

(pdftex.def)             Requested size: 355.51817pt x 284.42126pt.
<./pulse/figures/Figure_S27.pdf, id=309, 890.32625pt x 431.6125pt>
File: ./pulse/figures/Figure_S27.pdf Graphic file (type pdf)
<use ./pulse/figures/Figure_S27.pdf>
Package pdftex.def Info: ./pulse/figures/Figure_S27.pdf  used on input line 231
.
(pdftex.def)             Requested size: 418.25368pt x 202.75911pt.
 [40]
Underfull \vbox (badness 10000) has occurred while \output is active []

 [41 <./pulse/figures/Figure_S3.pdf>]
<./electrochemistry/figures/GCD_pDiTBuS.pdf, id=318, 610.28pt x 476.78125pt>
File: ./electrochemistry/figures/GCD_pDiTBuS.pdf Graphic file (type pdf)
<use ./electrochemistry/figures/GCD_pDiTBuS.pdf>
Package pdftex.def Info: ./electrochemistry/figures/GCD_pDiTBuS.pdf  used on in
put line 251.
(pdftex.def)             Requested size: 313.69025pt x 245.07584pt.


LaTeX Warning: `h' float specifier changed to `ht'.


LaTeX Warning: Citation `wadhawan2007_encofelectrochem' on page 42 undefined on
 input line 259.


Underfull \hbox (badness 10000) in paragraph at lines 265--266

 []

[42 <./pulse/figures/Figure_S27.pdf>]
<./operando_epr/figures/Flat_tube_setup.pdf, id=324, 2817.02437pt x 3237.09375p
t>
File: ./operando_epr/figures/Flat_tube_setup.pdf Graphic file (type pdf)
<use ./operando_epr/figures/Flat_tube_setup.pdf>
Package pdftex.def Info: ./operando_epr/figures/Flat_tube_setup.pdf  used on in
put line 269.
(pdftex.def)             Requested size: 414.07343pt x 475.8125pt.


LaTeX Warning: Float too large for page by 48.94896pt on input line 272.

LaTeX Font Info:    Trying to load font information for TS1+txr on input line 2
76.
(/usr/share/texlive/texmf-dist/tex/latex/txfonts/ts1txr.fd
File: ts1txr.fd 2000/12/15 v3.1
)

LaTeX Warning: Citation `Safari2011' on page 43 undefined on input line 276.


LaTeX Warning: Reference `Experimental_Section' on page 43 undefined on input l
ine 276.

[43 <./electrochemistry/figures/GCD_pDiTBuS.pdf>]
Underfull \hbox (badness 10000) in paragraph at lines 286--287

 []

<./operando_epr/figures/spins_at_work/Figure_S1.pdf, id=334, 2747.76563pt x 106
8.99374pt>
File: ./operando_epr/figures/spins_at_work/Figure_S1.pdf Graphic file (type pdf
)
<use ./operando_epr/figures/spins_at_work/Figure_S1.pdf>
Package pdftex.def Info: ./operando_epr/figures/spins_at_work/Figure_S1.pdf  us
ed on input line 290.
(pdftex.def)             Requested size: 418.25368pt x 162.7073pt.

LaTeX Warning: `h' float specifier changed to `ht'.


Underfull \hbox (badness 10000) in paragraph at lines 295--296

 []

[44]
<./operando_epr/figures/Q_factors_mod_tube.pdf, id=338, 502.87875pt x 601.24625
pt>
File: ./operando_epr/figures/Q_factors_mod_tube.pdf Graphic file (type pdf)
<use ./operando_epr/figures/Q_factors_mod_tube.pdf>
Package pdftex.def Info: ./operando_epr/figures/Q_factors_mod_tube.pdf  used on
 input line 301.
(pdftex.def)             Requested size: 209.12683pt x 250.02629pt.


LaTeX Warning: `h' float specifier changed to `ht'.

[45]
<./operando_epr/figures/spins_at_work/Figure_S2.pdf, id=343, 1264.725pt x 676.5
275pt>
File: ./operando_epr/figures/spins_at_work/Figure_S2.pdf Graphic file (type pdf
)
<use ./operando_epr/figures/spins_at_work/Figure_S2.pdf>
Package pdftex.def Info: ./operando_epr/figures/spins_at_work/Figure_S2.pdf  us
ed on input line 324.
(pdftex.def)             Requested size: 418.25368pt x 223.72961pt.


LaTeX Warning: `h' float specifier changed to `ht'.


Underfull \hbox (badness 10000) in paragraph at lines 340--341

 []

[46]

LaTeX Warning: Citation `Golovisnina2023' on page 47 undefined on input line 34
6.

<./operando_epr/figures/sandwich/sandwich.pdf, id=347, 1680.23082pt x 464.89731
pt>
File: ./operando_epr/figures/sandwich/sandwich.pdf Graphic file (type pdf)
<use ./operando_epr/figures/sandwich/sandwich.pdf>
Package pdftex.def Info: ./operando_epr/figures/sandwich/sandwich.pdf  used on 
input line 350.
(pdftex.def)             Requested size: 418.25368pt x 115.72038pt.

LaTeX Warning: `h' float specifier changed to `ht'.

<./operando_epr/figures/solid/solid_cell.pdf, id=348, 3248.81136pt x 1585.32216
pt>
File: ./operando_epr/figures/solid/solid_cell.pdf Graphic file (type pdf)
<use ./operando_epr/figures/solid/solid_cell.pdf>
Package pdftex.def Info: ./operando_epr/figures/solid/solid_cell.pdf  used on i
nput line 359.
(pdftex.def)             Requested size: 418.25368pt x 204.09134pt.

LaTeX Warning: `h' float specifier changed to `ht'.

<./operando_epr/figures/solid/separate_deposition.pdf, id=349, 6738.97214pt x 2
388.6177pt>
File: ./operando_epr/figures/solid/separate_deposition.pdf Graphic file (type p
df)
<use ./operando_epr/figures/solid/separate_deposition.pdf>
Package pdftex.def Info: ./operando_epr/figures/solid/separate_deposition.pdf  
used on input line 367.
(pdftex.def)             Requested size: 313.69025pt x 111.16434pt.

LaTeX Warning: `h' float specifier changed to `ht'.

<./operando_epr/figures/solid/current_density.pdf, id=350, 1375.62871pt x 481.8
pt>
File: ./operando_epr/figures/solid/current_density.pdf Graphic file (type pdf)
<use ./operando_epr/figures/solid/current_density.pdf>
Package pdftex.def Info: ./operando_epr/figures/solid/current_density.pdf  used
 on input line 374.
(pdftex.def)             Requested size: 418.25368pt x 146.48195pt.

LaTeX Warning: `h' float specifier changed to `ht'.


Underfull \hbox (badness 10000) in paragraph at lines 390--393

 []

<./electrochemistry/figures/band_diagram.pdf, id=351, 901.39923pt x 412.65744pt
>
File: ./electrochemistry/figures/band_diagram.pdf Graphic file (type pdf)
<use ./electrochemistry/figures/band_diagram.pdf>
Package pdftex.def Info: ./electrochemistry/figures/band_diagram.pdf  used on i
nput line 396.
(pdftex.def)             Requested size: 418.25368pt x 191.47444pt.

LaTeX Warning: `h' float specifier changed to `ht'.


Underfull \hbox (badness 10000) in paragraph at lines 402--403

 []

[47]
<./electrochemistry/figures/transport_in_film.pdf, id=355, 915.85313pt x 425.03
448pt>
File: ./electrochemistry/figures/transport_in_film.pdf Graphic file (type pdf)
<use ./electrochemistry/figures/transport_in_film.pdf>
Package pdftex.def Info: ./electrochemistry/figures/transport_in_film.pdf  used
 on input line 411.
(pdftex.def)             Requested size: 418.25368pt x 194.10439pt.
) [48] [49 <./operando_epr/figures/Flat_tube_setup.pdf>] [50 <./operando_epr/fi
gures/spins_at_work/Figure_S1.pdf> <./operando_epr/figures/Q_factors_mod_tube.p
df

pdfTeX warning: /usr/bin/pdflatex (file ./operando_epr/figures/Q_factors_mod_tu
be.pdf): PDF inclusion: multiple pdfs with page group included in a single page

>] [51 <./operando_epr/figures/spins_at_work/Figure_S2.pdf> <./operando_epr/fig
ures/sandwich/sandwich.pdf

pdfTeX warning: /usr/bin/pdflatex (file ./operando_epr/figures/sandwich/sandwic
h.pdf): PDF inclusion: multiple pdfs with page group included in a single page
>] [52 <./operando_epr/figures/solid/solid_cell.pdf> <./operando_epr/figures/so
lid/separate_deposition.pdf

pdfTeX warning: /usr/bin/pdflatex (file ./operando_epr/figures/solid/separate_d
eposition.pdf): PDF inclusion: multiple pdfs with page group included in a sing
le page
> <./operando_epr/figures/solid/current_density.pdf

pdfTeX warning: /usr/bin/pdflatex (file ./operando_epr/figures/solid/current_de
nsity.pdf): PDF inclusion: multiple pdfs with page group included in a single p
age
>] [53 <./electrochemistry/figures/band_diagram.pdf> <./electrochemistry/figure
s/transport_in_film.pdf

pdfTeX warning: /usr/bin/pdflatex (file ./electrochemistry/figures/transport_in
_film.pdf): PDF inclusion: multiple pdfs with page group included in a single p
age
>]
\openout2 = `operando_epr/operando_epr.aux'.

 (./operando_epr/operando_epr.tex [54




]
Chapter 4.

Overfull \hbox (0.54202pt too wide) in paragraph at lines 5--5
[]\OT1/txr/bx/n/17.28 cwEPR Spec-troscopy of TEMPO Con-tain-ing Molec-
 []



pdfTeX warning: /usr/bin/pdflatex (file ./operando_epr/figures/DITS_DFT.pdf): P
DF inclusion: found PDF version <1.7>, but at most version <1.5> allowed
<./operando_epr/figures/DITS_DFT.pdf, id=6230, 945.5325pt x 616.3025pt>
File: ./operando_epr/figures/DITS_DFT.pdf Graphic file (type pdf)
<use ./operando_epr/figures/DITS_DFT.pdf>
Package pdftex.def Info: ./operando_epr/figures/DITS_DFT.pdf  used on input lin
e 13.
(pdftex.def)             Requested size: 418.25368pt x 272.62215pt.

LaTeX Warning: Citation `ORCA' on page 55 undefined on input line 14.


LaTeX Warning: Citation `ORCA' on page 55 undefined on input line 14.


LaTeX Warning: `h' float specifier changed to `ht'.


LaTeX Warning: Citation `Carrington_solution_epr' on page 55 undefined on input
 line 21.


Underfull \vbox (badness 10000) has occurred while \output is active []

 [55]
<./operando_epr/figures/TEMPOL/cwEPR_TEMPOL_vs_DiTS_RT.pdf, id=6235, 725.71124p
t x 228.855pt>
File: ./operando_epr/figures/TEMPOL/cwEPR_TEMPOL_vs_DiTS_RT.pdf Graphic file (t
ype pdf)
<use ./operando_epr/figures/TEMPOL/cwEPR_TEMPOL_vs_DiTS_RT.pdf>
Package pdftex.def Info: ./operando_epr/figures/TEMPOL/cwEPR_TEMPOL_vs_DiTS_RT.
pdf  used on input line 25.
(pdftex.def)             Requested size: 418.25368pt x 131.90138pt.


LaTeX Warning: `h' float specifier changed to `ht'.

<./operando_epr/figures/TEMPOL/cwEPR_TEMPOL_vs_DiTS_RT_POWDER.pdf, id=6236, 725
.71124pt x 228.855pt>
File: ./operando_epr/figures/TEMPOL/cwEPR_TEMPOL_vs_DiTS_RT_POWDER.pdf Graphic 
file (type pdf)
<use ./operando_epr/figures/TEMPOL/cwEPR_TEMPOL_vs_DiTS_RT_POWDER.pdf>
Package pdftex.def Info: ./operando_epr/figures/TEMPOL/cwEPR_TEMPOL_vs_DiTS_RT_
POWDER.pdf  used on input line 31.
(pdftex.def)             Requested size: 418.25368pt x 131.90138pt.

LaTeX Warning: `h' float specifier changed to `ht'.

<./operando_epr/figures/TEMPOL/cwEPR_TEMPOL_100mM_vs_p1mM_80K.pdf, id=6237, 725
.71124pt x 228.855pt>
File: ./operando_epr/figures/TEMPOL/cwEPR_TEMPOL_100mM_vs_p1mM_80K.pdf Graphic 
file (type pdf)
<use ./operando_epr/figures/TEMPOL/cwEPR_TEMPOL_100mM_vs_p1mM_80K.pdf>
Package pdftex.def Info: ./operando_epr/figures/TEMPOL/cwEPR_TEMPOL_100mM_vs_p1
mM_80K.pdf  used on input line 38.
(pdftex.def)             Requested size: 418.25368pt x 131.90138pt.

LaTeX Warning: `h' float specifier changed to `ht'.


Underfull \vbox (badness 1540) has occurred while \output is active []

 [56 <./operando_epr/figures/DITS_DFT.pdf>]
Underfull \vbox (badness 1521) has occurred while \output is active []

 [57 <./operando_epr/figures/TEMPOL/cwEPR_TEMPOL_vs_DiTS_RT.pdf> <./operando_ep
r/figures/TEMPOL/cwEPR_TEMPOL_vs_DiTS_RT_POWDER.pdf>]

LaTeX Warning: Reference `fig:cwEPR_monoTEMPO_diTEMPO_POWDER, left' on page 58 
undefined on input line 73.


LaTeX Warning: Reference `fig:cwEPR_monoTEMPO_diTEMPO_POWDER, right' on page 58
 undefined on input line 73.


LaTeX Warning: Reference `fig:cwEPR_TEMPOL_High_Low_Concentrations, left' on pa
ge 58 undefined on input line 73.


LaTeX Warning: Citation `Siavash' on page 58 undefined on input line 73.


LaTeX Warning: Reference `fig:cwEPR_TEMPOL_High_Low_Concentrations, right' on p
age 58 undefined on input line 73.


LaTeX Warning: Reference `fig:cwEPR_TEMPOL_High_Low_Concentrations, right' on p
age 58 undefined on input line 75.

[58 <./operando_epr/figures/TEMPOL/cwEPR_TEMPOL_100mM_vs_p1mM_80K.pdf>]
<./operando_epr/figures/CRYO/S220104_CW.pdf, id=6631, 812.03375pt x 537.00626pt
>
File: ./operando_epr/figures/CRYO/S220104_CW.pdf Graphic file (type pdf)
<use ./operando_epr/figures/CRYO/S220104_CW.pdf>
Package pdftex.def Info: ./operando_epr/figures/CRYO/S220104_CW.pdf  used on in
put line 79.
(pdftex.def)             Requested size: 418.25368pt x 276.58998pt.
<./operando_epr/figures/CRYO/cw_sim_pDiTS_210318_700mV_2comp.pdf, id=6632, 481.
8pt x 316.18124pt>
File: ./operando_epr/figures/CRYO/cw_sim_pDiTS_210318_700mV_2comp.pdf Graphic f
ile (type pdf)
<use ./operando_epr/figures/CRYO/cw_sim_pDiTS_210318_700mV_2comp.pdf>
Package pdftex.def Info: ./operando_epr/figures/CRYO/cw_sim_pDiTS_210318_700mV_
2comp.pdf  used on input line 86.
(pdftex.def)             Requested size: 418.25368pt x 274.48686pt.


LaTeX Warning: `h' float specifier changed to `ht'.

<./operando_epr/figures/CRYO/S220106_p-DiTS_OX_80K_CW_SIM.pdf, id=6633, 909.397
5pt x 450.68375pt>
File: ./operando_epr/figures/CRYO/S220106_p-DiTS_OX_80K_CW_SIM.pdf Graphic file
 (type pdf)
<use ./operando_epr/figures/CRYO/S220106_p-DiTS_OX_80K_CW_SIM.pdf>
Package pdftex.def Info: ./operando_epr/figures/CRYO/S220106_p-DiTS_OX_80K_CW_S
IM.pdf  used on input line 94.
(pdftex.def)             Requested size: 418.25368pt x 207.28264pt.

LaTeX Warning: `h' float specifier changed to `ht'.

<./operando_epr/figures/CRYO/Figure_S7_new.pdf, id=6634, 646.415pt x 827.09pt>
File: ./operando_epr/figures/CRYO/Figure_S7_new.pdf Graphic file (type pdf)
<use ./operando_epr/figures/CRYO/Figure_S7_new.pdf>
Package pdftex.def Info: ./operando_epr/figures/CRYO/Figure_S7_new.pdf  used on
 input line 103.
(pdftex.def)             Requested size: 418.25368pt x 535.15378pt.

LaTeX Warning: Citation `Stoll_2006' on page 59 undefined on input line 104.


LaTeX Warning: Citation `Stoll_2006' on page 59 undefined on input line 104.


LaTeX Warning: Float too large for page by 79.29024pt on input line 106.


LaTeX Warning: `h' float specifier changed to `ht'.

<./operando_epr/figures/CRYO/Figure_S8.pdf, id=6635, 525.965pt x 793.96625pt>
File: ./operando_epr/figures/CRYO/Figure_S8.pdf Graphic file (type pdf)
<use ./operando_epr/figures/CRYO/Figure_S8.pdf>
Package pdftex.def Info: ./operando_epr/figures/CRYO/Figure_S8.pdf  used on inp
ut line 115.
(pdftex.def)             Requested size: 376.42575pt x 568.25096pt.

LaTeX Warning: Float too large for page by 10.88742pt on input line 118.


LaTeX Warning: `!h' float specifier changed to `!ht'.

<./operando_epr/figures/backbone/NiMeOS_lyra_overnight_RT.png, id=6636, 460.359
9pt x 352.6776pt>
File: ./operando_epr/figures/backbone/NiMeOS_lyra_overnight_RT.png Graphic file
 (type png)
<use ./operando_epr/figures/backbone/NiMeOS_lyra_overnight_RT.png>
Package pdftex.def Info: ./operando_epr/figures/backbone/NiMeOS_lyra_overnight_
RT.png  used on input line 122.
(pdftex.def)             Requested size: 334.60422pt x 256.34392pt.

Underfull \vbox (badness 10000) has occurred while \output is active []

 [59]
Underfull \vbox (badness 2150) has occurred while \output is active []

 [60 <./operando_epr/figures/CRYO/S220104_CW.pdf>]
<./operando_epr/figures/Cartoon_ALL.pdf, id=6647, 822.28464pt x 512.1496pt>
File: ./operando_epr/figures/Cartoon_ALL.pdf Graphic file (type pdf)
<use ./operando_epr/figures/Cartoon_ALL.pdf>
Package pdftex.def Info: ./operando_epr/figures/Cartoon_ALL.pdf  used on input 
line 142.
(pdftex.def)             Requested size: 418.25368pt x 260.49731pt.


LaTeX Warning: `h' float specifier changed to `ht'.


Underfull \hbox (badness 10000) in paragraph at lines 147--148

 []

[61 <./operando_epr/figures/CRYO/cw_sim_pDiTS_210318_700mV_2comp.pdf>]

LaTeX Warning: Citation `Anderson1953' on page 62 undefined on input line 152.


Underfull \vbox (badness 1997) has occurred while \output is active []

 [62 <./operando_epr/figures/CRYO/S220106_p-DiTS_OX_80K_CW_SIM.pdf>]
<./operando_epr/figures/Figure_S4.pdf, id=6661, 597.23125pt x 845.1575pt>
File: ./operando_epr/figures/Figure_S4.pdf Graphic file (type pdf)
<use ./operando_epr/figures/Figure_S4.pdf>
Package pdftex.def Info: ./operando_epr/figures/Figure_S4.pdf  used on input li
ne 170.
(pdftex.def)             Requested size: 418.25368pt x 591.88994pt.


LaTeX Warning: Float too large for page by 78.0264pt on input line 173.


LaTeX Warning: `!h' float specifier changed to `!ht'.

<./operando_epr/figures/Figure_S5.pdf, id=6662, 270.00874pt x 582.175pt>
File: ./operando_epr/figures/Figure_S5.pdf Graphic file (type pdf)
<use ./operando_epr/figures/Figure_S5.pdf>
Package pdftex.def Info: ./operando_epr/figures/Figure_S5.pdf  used on input li
ne 180.
(pdftex.def)             Requested size: 125.47737pt x 270.5398pt.

Underfull \hbox (badness 1721) in paragraph at lines 181--181
[]\OT1/txr/m/n/12 Figure 4.13: |Top: Room tem-per-a-ture SEC cwEPR on 150-CV p-
DiTS film.
 []


LaTeX Warning: `!h' float specifier changed to `!ht'.

<./operando_epr/figures/degradation/operando_degradation_dits.pdf, id=6663, 700
.6175pt x 834.11626pt>
File: ./operando_epr/figures/degradation/operando_degradation_dits.pdf Graphic 
file (type pdf)
<use ./operando_epr/figures/degradation/operando_degradation_dits.pdf>
Package pdftex.def Info: ./operando_epr/figures/degradation/operando_degradatio
n_dits.pdf  used on input line 191.
(pdftex.def)             Requested size: 418.25368pt x 497.95357pt.

LaTeX Warning: Float too large for page by 56.59003pt on input line 194.


LaTeX Warning: `!h' float specifier changed to `!ht'.

[63]

LaTeX Warning: Reference `fig:Figure_2' on page 64 undefined on input line 202.



Underfull \vbox (badness 10000) has occurred while \output is active []

 [64]

LaTeX Warning: Reference `Classification' on page 65 undefined on input line 21
1.


LaTeX Warning: Reference `CVTube' on page 65 undefined on input line 211.


Underfull \vbox (badness 4303) has occurred while \output is active []

 [65]
<./operando_epr/figures/Main_2D_redox_map_full.pdf, id=6673, 913.4125pt x 602.2
5pt>
File: ./operando_epr/figures/Main_2D_redox_map_full.pdf Graphic file (type pdf)

<use ./operando_epr/figures/Main_2D_redox_map_full.pdf>
Package pdftex.def Info: ./operando_epr/figures/Main_2D_redox_map_full.pdf  use
d on input line 231.
(pdftex.def)             Requested size: 418.25368pt x 275.77019pt.


LaTeX Warning: Citation `spin_counting_tb' on page 66 undefined on input line 2
37.


LaTeX Warning: Citation `SI:Matlab' on page 66 undefined on input line 237.


LaTeX Warning: Citation `Kulikov2022_SI' on page 66 undefined on input line 237
.


Underfull \hbox (badness 10000) in paragraph at lines 237--238

 []

<./pulse/figures/Figure_S6.pdf, id=6674, 780.53717pt x 768.36021pt>
File: ./pulse/figures/Figure_S6.pdf Graphic file (type pdf)
<use ./pulse/figures/Figure_S6.pdf>
Package pdftex.def Info: ./pulse/figures/Figure_S6.pdf  used on input line 244.

(pdftex.def)             Requested size: 355.51817pt x 349.9679pt.

LaTeX Warning: `h' float specifier changed to `ht'.


LaTeX Warning: Reference `si:ESOC' on page 66 undefined on input line 255.


Underfull \vbox (badness 10000) has occurred while \output is active []

 [66]
> Step: init table outer spec.
> Step: parse table options.
> Step: split table.
> Step: init table inner spec.
> Step: parse table inner spec.
> Step: execute table commands.
> Step: calculate cell and line sizes.


Package tabularray Warning: Table width is too small, need 296.26921pt more!

> Step: build the whole table.
[67]

LaTeX Warning: Reference `fig:operando_degradation' on page 68 undefined on inp
ut line 338.


Underfull \hbox (badness 10000) in paragraph at lines 338--339

 []

<./operando_epr/figures/degradation/overnight_dits_201211_full_redox_contour_XY
.pdf, id=6682, 818.6056pt x 346.89757pt>
File: ./operando_epr/figures/degradation/overnight_dits_201211_full_redox_conto
ur_XY.pdf Graphic file (type pdf)
<use ./operando_epr/figures/degradation/overnight_dits_201211_full_redox_contou
r_XY.pdf>
Package pdftex.def Info: ./operando_epr/figures/degradation/overnight_dits_2012
11_full_redox_contour_XY.pdf  used on input line 343.
(pdftex.def)             Requested size: 418.25368pt x 177.24359pt.

LaTeX Warning: `!h' float specifier changed to `!ht'.

<./operando_epr/figures/degradation/pDiTS_slow_charge_MS5000_forslides.png, id=
6683, 647.5392pt x 316.0608pt>
File: ./operando_epr/figures/degradation/pDiTS_slow_charge_MS5000_forslides.png
 Graphic file (type png)
<use ./operando_epr/figures/degradation/pDiTS_slow_charge_MS5000_forslides.png>

Package pdftex.def Info: ./operando_epr/figures/degradation/pDiTS_slow_charge_M
S5000_forslides.png  used on input line 351.
(pdftex.def)             Requested size: 418.25368pt x 204.14943pt.

LaTeX Warning: `!h' float specifier changed to `!ht'.


LaTeX Warning: Citation `vereshchagin2020_battandsupercaps' on page 68 undefine
d on input line 359.


LaTeX Warning: Reference `fig:S9' on page 68 undefined on input line 365.

[68]

LaTeX Warning: Citation `vereshchagin2020_battandsupercaps' on page 69 undefine
d on input line 381.

<./operando_epr/figures/degradation/repeated_cycling_degradation_dits.pdf, id=6
687, 827.09pt x 823.075pt>
File: ./operando_epr/figures/degradation/repeated_cycling_degradation_dits.pdf 
Graphic file (type pdf)
<use ./operando_epr/figures/degradation/repeated_cycling_degradation_dits.pdf>
Package pdftex.def Info: ./operando_epr/figures/degradation/repeated_cycling_de
gradation_dits.pdf  used on input line 391.
(pdftex.def)             Requested size: 418.25368pt x 416.23358pt.

LaTeX Warning: `!h' float specifier changed to `!ht'.

<./operando_epr/figures/degradation/Figure_S10.pdf, id=6688, 903.375pt x 666.49
pt>
File: ./operando_epr/figures/degradation/Figure_S10.pdf Graphic file (type pdf)

<use ./operando_epr/figures/degradation/Figure_S10.pdf>
Package pdftex.def Info: ./operando_epr/figures/degradation/Figure_S10.pdf  use
d on input line 398.
(pdftex.def)             Requested size: 376.42575pt x 277.7272pt.

LaTeX Warning: Citation `spin_counting_tb' on page 69 undefined on input line 4
04.


Underfull \vbox (badness 2205) has occurred while \output is active []

 [69]

LaTeX Warning: Citation `si_vereshchagin2020_battandsupercaps' on page 70 undef
ined on input line 408.


Underfull \vbox (badness 8132) has occurred while \output is active []

 [70]
<./operando_epr/figures/self_discharge/DOM_DITS_SELF_DISCHARGE.pdf, id=6695, 45
1.6875pt x 180.675pt>
File: ./operando_epr/figures/self_discharge/DOM_DITS_SELF_DISCHARGE.pdf Graphic
 file (type pdf)
<use ./operando_epr/figures/self_discharge/DOM_DITS_SELF_DISCHARGE.pdf>
Package pdftex.def Info: ./operando_epr/figures/self_discharge/DOM_DITS_SELF_DI
SCHARGE.pdf  used on input line 425.
(pdftex.def)             Requested size: 418.25368pt x 167.31197pt.


LaTeX Warning: `h' float specifier changed to `ht'.

<./operando_epr/figures/solid/FET231114_5uA_RT.pdf, id=6696, 752.8125pt x 472.7
6625pt>
File: ./operando_epr/figures/solid/FET231114_5uA_RT.pdf Graphic file (type pdf)

<use ./operando_epr/figures/solid/FET231114_5uA_RT.pdf>
Package pdftex.def Info: ./operando_epr/figures/solid/FET231114_5uA_RT.pdf  use
d on input line 436.
(pdftex.def)             Requested size: 418.25368pt x 262.66971pt.

LaTeX Warning: `h' float specifier changed to `ht'.

<./operando_epr/figures/CRYO/Figure_7.pdf, id=6697, 713.66624pt x 390.45876pt>
File: ./operando_epr/figures/CRYO/Figure_7.pdf Graphic file (type pdf)
<use ./operando_epr/figures/CRYO/Figure_7.pdf>
Package pdftex.def Info: ./operando_epr/figures/CRYO/Figure_7.pdf  used on inpu
t line 448.
(pdftex.def)             Requested size: 418.25368pt x 228.83151pt.
[71]

LaTeX Warning: Reference `fig:S8' on page 72 undefined on input line 467.


LaTeX Warning: Reference `backbone_ex_situ' on page 72 undefined on input line 
467.

[72]

LaTeX Warning: Reference `sec:in_operando' on page 73 undefined on input line 4
72.

<./operando_epr/figures/CRYO/SANDWICH_FREEZING.pdf, id=6704, 752.8125pt x 472.7
6625pt>
File: ./operando_epr/figures/CRYO/SANDWICH_FREEZING.pdf Graphic file (type pdf)

<use ./operando_epr/figures/CRYO/SANDWICH_FREEZING.pdf>
Package pdftex.def Info: ./operando_epr/figures/CRYO/SANDWICH_FREEZING.pdf  use
d on input line 479.
(pdftex.def)             Requested size: 418.25368pt x 262.66971pt.

LaTeX Warning: `h' float specifier changed to `ht'.

<./operando_epr/figures/CRYO/freezing_sandwich_230K_200K.pdf, id=6705, 609.2762
5pt x 445.665pt>
File: ./operando_epr/figures/CRYO/freezing_sandwich_230K_200K.pdf Graphic file 
(type pdf)
<use ./operando_epr/figures/CRYO/freezing_sandwich_230K_200K.pdf>
Package pdftex.def Info: ./operando_epr/figures/CRYO/freezing_sandwich_230K_200
K.pdf  used on input line 487.
(pdftex.def)             Requested size: 418.25368pt x 305.94511pt.

LaTeX Warning: `h' float specifier changed to `ht'.

<./operando_epr/figures/slowcharge_231117_liquid_250K.pdf, id=6706, 752.8125pt 
x 602.25pt>
File: ./operando_epr/figures/slowcharge_231117_liquid_250K.pdf Graphic file (ty
pe pdf)
<use ./operando_epr/figures/slowcharge_231117_liquid_250K.pdf>
Package pdftex.def Info: ./operando_epr/figures/slowcharge_231117_liquid_250K.p
df  used on input line 495.
(pdftex.def)             Requested size: 418.25368pt x 334.6111pt.

LaTeX Warning: `h' float specifier changed to `ht'.


LaTeX Warning: Citation `wadhawan2007_encofelectrochem' on page 73 undefined on
 input line 508.


LaTeX Warning: Citation `toybenshlak2019_isrjchem' on page 73 undefined on inpu
t line 508.


LaTeX Warning: Citation `szczuka2021_commmat' on page 73 undefined on input lin
e 511.


LaTeX Warning: Citation `szczuka2021_commmat' on page 73 undefined on input lin
e 511.

[73]

LaTeX Warning: Citation `bordignon2017_emagres' on page 74 undefined on input l
ine 514.

<./pulse/figures/SAW_Figure_8.pdf, id=6711, 713.66624pt x 390.45876pt>
File: ./pulse/figures/SAW_Figure_8.pdf Graphic file (type pdf)
<use ./pulse/figures/SAW_Figure_8.pdf>
Package pdftex.def Info: ./pulse/figures/SAW_Figure_8.pdf  used on input line 5
18.
(pdftex.def)             Requested size: 418.25368pt x 228.83151pt.

Underfull \vbox (badness 4303) has occurred while \output is active []

 [74]
<./pulse/figures/Figure_3_INTS.pdf, id=6715, 965.13289pt x 323.70938pt>
File: ./pulse/figures/Figure_3_INTS.pdf Graphic file (type pdf)
<use ./pulse/figures/Figure_3_INTS.pdf>
Package pdftex.def Info: ./pulse/figures/Figure_3_INTS.pdf  used on input line 
535.
(pdftex.def)             Requested size: 418.25368pt x 140.28392pt.


LaTeX Warning: `h' float specifier changed to `ht'.

<./pulse/figures/Figure_6_maintext_col_MOD.pdf, id=6716, 647.41875pt x 324.2112
4pt>
File: ./pulse/figures/Figure_6_maintext_col_MOD.pdf Graphic file (type pdf)
<use ./pulse/figures/Figure_6_maintext_col_MOD.pdf>
Package pdftex.def Info: ./pulse/figures/Figure_6_maintext_col_MOD.pdf  used on
 input line 544.
(pdftex.def)             Requested size: 418.25368pt x 209.45352pt.

LaTeX Warning: `h' float specifier changed to `ht'.


Underfull \hbox (badness 10000) in paragraph at lines 557--558

 []

<./pulse/figures/FGMR/ID/ID_vs_ISO.pdf, id=6717, 903.375pt x 526.96875pt>
File: ./pulse/figures/FGMR/ID/ID_vs_ISO.pdf Graphic file (type pdf)
<use ./pulse/figures/FGMR/ID/ID_vs_ISO.pdf>
Package pdftex.def Info: ./pulse/figures/FGMR/ID/ID_vs_ISO.pdf  used on input l
ine 566.
(pdftex.def)             Requested size: 418.25368pt x 243.98457pt.

LaTeX Warning: `h' float specifier changed to `ht'.

) [75] [76 <./operando_epr/figures/CRYO/Figure_S7_new.pdf>] [77 <./operando_epr
/figures/CRYO/Figure_S8.pdf>] [78 <./operando_epr/figures/backbone/NiMeOS_lyra_
overnight_RT.png>] [79 <./operando_epr/figures/Cartoon_ALL.pdf>] [80 <./operand
o_epr/figures/Figure_S4.pdf>] [81 <./operando_epr/figures/Figure_S5.pdf>]
[82 <./operando_epr/figures/degradation/operando_degradation_dits.pdf>]
[83 <./operando_epr/figures/Main_2D_redox_map_full.pdf>] [84 <./pulse/figures/F
igure_S6.pdf>] [85 <./operando_epr/figures/degradation/overnight_dits_201211_fu
ll_redox_contour_XY.pdf> <./operando_epr/figures/degradation/pDiTS_slow_charge_
MS5000_forslides.png (PNG copy)>] [86 <./operando_epr/figures/degradation/repea
ted_cycling_degradation_dits.pdf>] [87 <./operando_epr/figures/degradation/Figu
re_S10.pdf> <./operando_epr/figures/self_discharge/DOM_DITS_SELF_DISCHARGE.pdf>
] [88 <./operando_epr/figures/solid/FET231114_5uA_RT.pdf>] [89 <./operando_epr/
figures/CRYO/Figure_7.pdf>] [90 <./operando_epr/figures/CRYO/SANDWICH_FREEZING.
pdf>] [91 <./operando_epr/figures/CRYO/freezing_sandwich_230K_200K.pdf>]
[92 <./operando_epr/figures/slowcharge_231117_liquid_250K.pdf>] [93 <./pulse/fi
gures/SAW_Figure_8.pdf> <./pulse/figures/Figure_3_INTS.pdf

pdfTeX warning: /usr/bin/pdflatex (file ./pulse/figures/Figure_3_INTS.pdf): PDF
 inclusion: multiple pdfs with page group included in a single page
>] [94 <./pulse/figures/Figure_6_maintext_col_MOD.pdf> <./pulse/figures/FGMR/ID
/ID_vs_ISO.pdf

pdfTeX warning: /usr/bin/pdflatex (file ./pulse/figures/FGMR/ID/ID_vs_ISO.pdf):
 PDF inclusion: multiple pdfs with page group included in a single page
>]
\openout2 = `pulse/pulse.aux'.

 (./pulse/pulse.tex
Chapter 5.

Underfull \hbox (badness 10000) in paragraph at lines 26--27

 []

[95




]
<./pulse/figures/Figure_4.pdf, id=8149, 435.6275pt x 445.665pt>
File: ./pulse/figures/Figure_4.pdf Graphic file (type pdf)
<use ./pulse/figures/Figure_4.pdf>
Package pdftex.def Info: ./pulse/figures/Figure_4.pdf  used on input line 30.
(pdftex.def)             Requested size: 196.57973pt x 201.10501pt.


LaTeX Warning: Reference `esi:fse_sims' on page 96 undefined on input line 36.


Underfull \hbox (badness 10000) in paragraph at lines 35--37

 []

[96 <./pulse/figures/Figure_4.pdf>]
Underfull \hbox (badness 10000) in paragraph at lines 44--45

 []


Overfull \hbox (8.58884pt too wide) in paragraph at lines 50--50
[][]\OT1/txr/bx/n/14.4 EDFS in 50 $[]$ TEM-POL Mea-sured with Narrow-Band Pulse
s[] 
 []

<./pulse/figures/Figure_S26.pdf, id=8155, 647.41875pt x 324.21124pt>
File: ./pulse/figures/Figure_S26.pdf Graphic file (type pdf)
<use ./pulse/figures/Figure_S26.pdf>
Package pdftex.def Info: ./pulse/figures/Figure_S26.pdf  used on input line 56.

(pdftex.def)             Requested size: 418.25368pt x 209.45352pt.
LaTeX Font Info:    Font shape `OT1/txr/b/it' in size <12> not available
(Font)              Font shape `OT1/txr/bx/it' tried instead on input line 57.
[97]
<./pulse/figures/Figure_S23.pdf, id=8160, 422.57875pt x 444.66125pt>
File: ./pulse/figures/Figure_S23.pdf Graphic file (type pdf)
<use ./pulse/figures/Figure_S23.pdf>
Package pdftex.def Info: ./pulse/figures/Figure_S23.pdf  used on input line 94.

(pdftex.def)             Requested size: 209.12683pt x 220.0571pt.
 [98 <./pulse/figures/Figure_S26.pdf>]
Underfull \hbox (badness 10000) in paragraph at lines 105--106

 []

<./pulse/figures/Figure_S24.pdf, id=8169, 428.60126pt x 445.665pt>
File: ./pulse/figures/Figure_S24.pdf Graphic file (type pdf)
<use ./pulse/figures/Figure_S24.pdf>
Package pdftex.def Info: ./pulse/figures/Figure_S24.pdf  used on input line 109
.
(pdftex.def)             Requested size: 209.12683pt x 217.45291pt.
[99 <./pulse/figures/Figure_S23.pdf>]
Overfull \hbox (5.41592pt too wide) in paragraph at lines 123--123
[]\OT1/txr/bx/n/17.28 Spin Re-lax-ation in a charged pDiT-BuS Cath-ode Film 
 []


Underfull \hbox (badness 10000) in paragraph at lines 126--127

 []


Underfull \hbox (badness 10000) in paragraph at lines 128--129

 []

<./pulse/figures/Figure_5.pdf, id=8177, 1415.2875pt x 677.53125pt>
File: ./pulse/figures/Figure_5.pdf Graphic file (type pdf)
<use ./pulse/figures/Figure_5.pdf>
Package pdftex.def Info: ./pulse/figures/Figure_5.pdf  used on input line 131.
(pdftex.def)             Requested size: 418.25368pt x 200.22148pt.

Underfull \hbox (badness 10000) in paragraph at lines 137--138

 []

[100 <./pulse/figures/Figure_S24.pdf>]
Underfull \hbox (badness 10000) in paragraph at lines 139--140

 []

[101 <./pulse/figures/Figure_5.pdf>]
Underfull \hbox (badness 10000) in paragraph at lines 141--142

 []


Overfull \hbox (2.65443pt too wide) in paragraph at lines 146--147
[]\OT1/txr/m/n/12 It was re-cently shown, that densely packed TEMPO rad-i-cals 
in a TEMPO-containing,
 []


LaTeX Warning: Reference `esi:cw_sims' on page 102 undefined on input line 148.



Underfull \hbox (badness 10000) in paragraph at lines 148--149

 []


Underfull \vbox (badness 10000) has occurred while \output is active []

 [102]
<./pulse/figures/Figure_6.pdf, id=8208, 655.44875pt x 318.18875pt>
File: ./pulse/figures/Figure_6.pdf Graphic file (type pdf)
<use ./pulse/figures/Figure_6.pdf>
Package pdftex.def Info: ./pulse/figures/Figure_6.pdf  used on input line 155.
(pdftex.def)             Requested size: 376.42575pt x 182.73862pt.

Underfull \hbox (badness 10000) in paragraph at lines 161--162

 []

[103 <./pulse/figures/Figure_6.pdf>]
Overfull \hbox (9.22585pt too wide) in paragraph at lines 163--163
[][]\OT1/txr/bx/n/14.4 Limitation on Short-est De-tectable $\OML/txmi/m/it/14.4
 T[]$ \OT1/txr/bx/n/14.4 by the Spec-trom-e-ter Dead
 []

<./pulse/figures/Figure_S25.pdf, id=8217, 336.25626pt x 299.1175pt>
File: ./pulse/figures/Figure_S25.pdf Graphic file (type pdf)
<use ./pulse/figures/Figure_S25.pdf>
Package pdftex.def Info: ./pulse/figures/Figure_S25.pdf  used on input line 170
.
(pdftex.def)             Requested size: 167.2989pt x 148.81898pt.

Underfull \hbox (badness 10000) in paragraph at lines 178--179

 []

[104 <./pulse/figures/Figure_S25.pdf>]
Underfull \hbox (badness 10000) in paragraph at lines 181--182

 []


Underfull \hbox (badness 10000) in paragraph at lines 183--184

 []


Underfull \hbox (badness 10000) in paragraph at lines 185--186

 []


Underfull \hbox (badness 10000) in paragraph at lines 187--188

 []


Underfull \hbox (badness 10000) in paragraph at lines 202--203

 []

[105]
Underfull \hbox (badness 10000) in paragraph at lines 209--210

 []


Underfull \hbox (badness 10000) in paragraph at lines 240--241

 []

<./pulse/figures/Figure_S7.pdf, id=8257, 1204.5pt x 814.04124pt>
File: ./pulse/figures/Figure_S7.pdf Graphic file (type pdf)
<use ./pulse/figures/Figure_S7.pdf>
Package pdftex.def Info: ./pulse/figures/Figure_S7.pdf  used on input line 246.

(pdftex.def)             Requested size: 418.25368pt x 282.67046pt.
[106]
Overfull \hbox (3.76657pt too wide) in paragraph at lines 253--253
[]\OT1/txr/bx/n/14.4 Pad[]e-Laplace De-con-vo-lu-tion of the Echo-Decay and Inv
ersion-
 []

[107 <./pulse/figures/Figure_S7.pdf>]
<./pulse/figures/Figure_S8.png, id=8310, 1043.5788pt x 472.6458pt>
File: ./pulse/figures/Figure_S8.png Graphic file (type png)
<use ./pulse/figures/Figure_S8.png>
Package pdftex.def Info: ./pulse/figures/Figure_S8.png  used on input line 261.

(pdftex.def)             Requested size: 418.25368pt x 189.43pt.
<./pulse/figures/Figure_S9.pdf, id=8311, 903.375pt x 501.875pt>
File: ./pulse/figures/Figure_S9.pdf Graphic file (type pdf)
<use ./pulse/figures/Figure_S9.pdf>
Package pdftex.def Info: ./pulse/figures/Figure_S9.pdf  used on input line 268.

(pdftex.def)             Requested size: 209.12683pt x 116.17929pt.
 [108 <./pulse/figures/Figure_S8.png (PNG copy)> <./pulse/figures/Figure_S9.pdf
>]
<./pulse/figures/Figure_S10.pdf, id=8415, 1212.53pt x 495.8525pt>
File: ./pulse/figures/Figure_S10.pdf Graphic file (type pdf)
<use ./pulse/figures/Figure_S10.pdf>
Package pdftex.def Info: ./pulse/figures/Figure_S10.pdf  used on input line 278
.
(pdftex.def)             Requested size: 209.12683pt x 85.51952pt.
<./pulse/figures/Figure_S11.pdf, id=8416, 903.375pt x 501.875pt>
File: ./pulse/figures/Figure_S11.pdf Graphic file (type pdf)
<use ./pulse/figures/Figure_S11.pdf>
Package pdftex.def Info: ./pulse/figures/Figure_S11.pdf  used on input line 286
.
(pdftex.def)             Requested size: 209.12683pt x 116.17929pt.
 [109 <./pulse/figures/Figure_S10.pdf> <./pulse/figures/Figure_S11.pdf

pdfTeX warning: /usr/bin/pdflatex (file ./pulse/figures/Figure_S11.pdf): PDF in
clusion: multiple pdfs with page group included in a single page
>]
<./pulse/figures/Figure_S12.png, id=8448, 1043.5788pt x 464.4552pt>
File: ./pulse/figures/Figure_S12.png Graphic file (type png)
<use ./pulse/figures/Figure_S12.png>
Package pdftex.def Info: ./pulse/figures/Figure_S12.png  used on input line 297
.
(pdftex.def)             Requested size: 209.12683pt x 93.07365pt.
<./pulse/figures/Figure_S13.pdf, id=8449, 903.375pt x 501.875pt>
File: ./pulse/figures/Figure_S13.pdf Graphic file (type pdf)
<use ./pulse/figures/Figure_S13.pdf>
Package pdftex.def Info: ./pulse/figures/Figure_S13.pdf  used on input line 304
.
(pdftex.def)             Requested size: 209.12683pt x 116.17929pt.
 [110 <./pulse/figures/Figure_S12.png (PNG copy)> <./pulse/figures/Figure_S13.p
df>]
<./pulse/figures/Figure_S14.png, id=8458, 1204.5pt x 501.5538pt>
File: ./pulse/figures/Figure_S14.png Graphic file (type png)
<use ./pulse/figures/Figure_S14.png>
Package pdftex.def Info: ./pulse/figures/Figure_S14.png  used on input line 316
.
(pdftex.def)             Requested size: 209.12683pt x 87.0768pt.
<./pulse/figures/Figure_S15.pdf, id=8459, 903.375pt x 501.875pt>
File: ./pulse/figures/Figure_S15.pdf Graphic file (type pdf)
<use ./pulse/figures/Figure_S15.pdf>
Package pdftex.def Info: ./pulse/figures/Figure_S15.pdf  used on input line 324
.
(pdftex.def)             Requested size: 209.12683pt x 116.17929pt.
 [111 <./pulse/figures/Figure_S14.png (PNG copy)> <./pulse/figures/Figure_S15.p
df>]
<./pulse/figures/Figure_S16.pdf, id=8468, 1204.5pt x 501.875pt>
File: ./pulse/figures/Figure_S16.pdf Graphic file (type pdf)
<use ./pulse/figures/Figure_S16.pdf>
Package pdftex.def Info: ./pulse/figures/Figure_S16.pdf  used on input line 335
.
(pdftex.def)             Requested size: 209.12683pt x 87.13255pt.
<./pulse/figures/Figure_S17.pdf, id=8469, 903.375pt x 501.875pt>
File: ./pulse/figures/Figure_S17.pdf Graphic file (type pdf)
<use ./pulse/figures/Figure_S17.pdf>
Package pdftex.def Info: ./pulse/figures/Figure_S17.pdf  used on input line 342
.
(pdftex.def)             Requested size: 209.12683pt x 116.17929pt.
 [112 <./pulse/figures/Figure_S16.pdf> <./pulse/figures/Figure_S17.pdf>]
<./pulse/figures/Figure_S18.pdf, id=8499, 1212.53pt x 495.8525pt>
File: ./pulse/figures/Figure_S18.pdf Graphic file (type pdf)
<use ./pulse/figures/Figure_S18.pdf>
Package pdftex.def Info: ./pulse/figures/Figure_S18.pdf  used on input line 352
.
(pdftex.def)             Requested size: 209.12683pt x 85.51952pt.
<./pulse/figures/Figure_S19.pdf, id=8500, 903.375pt x 501.875pt>
File: ./pulse/figures/Figure_S19.pdf Graphic file (type pdf)
<use ./pulse/figures/Figure_S19.pdf>
Package pdftex.def Info: ./pulse/figures/Figure_S19.pdf  used on input line 360
.
(pdftex.def)             Requested size: 209.12683pt x 116.17929pt.
 [113 <./pulse/figures/Figure_S18.pdf> <./pulse/figures/Figure_S19.pdf>])
[114]
\openout2 = `outlook/outlook.aux'.

 (./outlook/outlook.tex
Chapter 6.

LaTeX Warning: Reference `fig:Figure_2' on page 115 undefined on input line 8.

[115




]

LaTeX Warning: Citation `muench2021_jps' on page 116 undefined on input line 14
.


LaTeX Warning: Citation `mccamey2006_apl' on page 116 undefined on input line 1
7.


LaTeX Warning: Citation `sathiya2015_natcomm' on page 116 undefined on input li
ne 17.


LaTeX Warning: Citation `dutoit2021_natcomm' on page 116 undefined on input lin
e 17.


LaTeX Warning: Citation `geng2021_chemofmat' on page 116 undefined on input lin
e 17.


LaTeX Warning: Citation `ilott2016_pnas' on page 116 undefined on input line 17
.


LaTeX Warning: Citation `Behrends2010' on page 116 undefined on input line 22.


LaTeX Warning: Citation `Schweiger1988' on page 116 undefined on input line 31.



LaTeX Warning: Citation `Granwehr2001' on page 116 undefined on input line 31.


LaTeX Warning: Citation `Nasibulov2017' on page 116 undefined on input line 31.



LaTeX Warning: Citation `Kraffert2017' on page 116 undefined on input line 31.

[116]

LaTeX Warning: Citation `Tait2021' on page 117 undefined on input line 35.


LaTeX Warning: Citation `arvind2020_jpcb' on page 117 undefined on input line 3
5.


Underfull \hbox (badness 10000) in paragraph at lines 72--74

 []

[117]
Underfull \hbox (badness 10000) in paragraph at lines 75--76

 []


Underfull \hbox (badness 10000) in paragraph at lines 77--78

 []


Underfull \hbox (badness 10000) in paragraph at lines 79--80

 []


Underfull \hbox (badness 10000) in paragraph at lines 81--82

 []


Underfull \hbox (badness 10000) in paragraph at lines 83--84

 []


Underfull \hbox (badness 10000) in paragraph at lines 85--86

 []


Underfull \vbox (badness 1275) has occurred while \output is active []

 [118]
Underfull \hbox (badness 10000) in paragraph at lines 90--91

 []

) [119] (./diss_kulikov.bbl [120



]
Underfull \hbox (badness 1496) in paragraph at lines 29--33
[]\OT1/txr/m/n/12 Loris Ben-nett, Bernd Melch-ers, and Boris Proppe.  Curta: A 
general-
 []


Underfull \hbox (badness 7869) in paragraph at lines 29--33
\OT1/txr/m/n/12 purpose high-performance com-puter at ze-dat, freie uni-ver-sit
[]at berlin.
 []

[121]
Underfull \hbox (badness 1383) in paragraph at lines 68--71
[]\OT1/txr/m/n/12 Nerea Casado and David Mecer-reyes.  \OT1/txr/m/it/12 Re-dox 
Poly-mers for En-ergy and
 []

[122] [123] [124] [125] [126]
Underfull \hbox (badness 4084) in paragraph at lines 431--435
[]\OT1/txr/m/n/12 Praveen Ku-mar Reddy Mad-dikunta, Gau-tam Sri-vas-tava, Thipp
a Reddy
 []

[127] [128] [129] [130] [131]) [132]
\openout2 = `appendix/A-EMRE.aux'.

 (./appendix/A-EMRE.tex
LaTeX Font Info:    Trying to load font information for OT1+txtt on input line 
2.

(/usr/share/texlive/texmf-dist/tex/latex/txfonts/ot1txtt.fd
File: ot1txtt.fd 2000/12/15 v3.1
))
Underfull \hbox (badness 10000) in paragraph at lines 2--142

 []

[133


]
\openout2 = `appendix/B-DFT.aux'.

 (./appendix/B-DFT.tex [134




] [135]
<./electrochemistry/figures/DFT_DITS.pdf, id=8603, 1741.91328pt x 1369.2972pt>
File: ./electrochemistry/figures/DFT_DITS.pdf Graphic file (type pdf)
<use ./electrochemistry/figures/DFT_DITS.pdf>
Package pdftex.def Info: ./electrochemistry/figures/DFT_DITS.pdf  used on input
 line 5.
(pdftex.def)             Requested size: 418.25368pt x 328.7843pt.


LaTeX Warning: Citation `ORCA' on page 136 undefined on input line 6.


LaTeX Warning: Citation `ORCA' on page 136 undefined on input line 6.


LaTeX Warning: `h' float specifier changed to `ht'.

) [136 <./electrochemistry/figures/DFT_DITS.pdf>]
\openout2 = `appendix/C-Samples.aux'.

 (./appendix/C-Samples.tex

LaTeX Warning: No positions in optional float specifier.
               Default added (so using `tbp') on input line 4.

<./electrochemistry/figures/Figure_S3a.pdf, id=8621, 610.77208pt x 849.77596pt>

File: ./electrochemistry/figures/Figure_S3a.pdf Graphic file (type pdf)
<use ./electrochemistry/figures/Figure_S3a.pdf>
Package pdftex.def Info: ./electrochemistry/figures/Figure_S3a.pdf  used on inp
ut line 6.
(pdftex.def)             Requested size: 359.69841pt x 500.46878pt.
[137




] [138 <./electrochemistry/figures/Figure_S3a.pdf>]

LaTeX Warning: No positions in optional float specifier.
               Default added (so using `tbp') on input line 12.

<./electrochemistry/figures/Figure_S3b.pdf, id=8744, 610.77208pt x 848.39948pt>

File: ./electrochemistry/figures/Figure_S3b.pdf Graphic file (type pdf)
<use ./electrochemistry/figures/Figure_S3b.pdf>
Package pdftex.def Info: ./electrochemistry/figures/Figure_S3b.pdf  used on inp
ut line 14.
(pdftex.def)             Requested size: 359.69841pt x 499.65813pt.
) [139 <./electrochemistry/figures/Figure_S3b.pdf>] (./diss_kulikov.aux
(./summary/list_of_abbreviations.aux) (./introduction/introduction.aux)
(./epr_basics/epr_basics.aux) (./materials/materials.aux)
(./operando_epr/operando_epr.aux) (./pulse/pulse.aux) (./outlook/outlook.aux)
(./appendix/A-EMRE.aux) (./appendix/B-DFT.aux) (./appendix/C-Samples.aux))

LaTeX Warning: There were undefined references.


LaTeX Warning: There were multiply-defined labels.

 ) 
Here is how much of TeX's memory you used:
 15369 strings out of 478287
 344704 string characters out of 5849289
 670876 words of memory out of 5000000
 33168 multiletter control sequences out of 15000+600000
 528421 words of font info for 164 fonts, out of 8000000 for 9000
 1141 hyphenation exceptions out of 8191
 84i,14n,117p,2349b,1157s stack positions out of 5000i,500n,10000p,200000b,80000s
{/usr/share/texlive/texmf-dist/fonts/enc/dvips/base/8r.enc}</usr/share/texliv
e/texmf-dist/fonts/type1/public/doublestroke/dsrom12.pfb></usr/share/texlive/te
xmf-dist/fonts/type1/public/txfonts/rtcxr.pfb></usr/share/texlive/texmf-dist/fo
nts/type1/public/txfonts/rtxb.pfb></usr/share/texlive/texmf-dist/fonts/type1/pu
blic/txfonts/rtxi.pfb></usr/share/texlive/texmf-dist/fonts/type1/public/txfonts
/rtxmi.pfb></usr/share/texlive/texmf-dist/fonts/type1/public/txfonts/rtxr.pfb><
/usr/share/texlive/texmf-dist/fonts/type1/public/txfonts/rtxsc.pfb></usr/share/
texlive/texmf-dist/fonts/type1/public/txfonts/txex.pfb></usr/share/texlive/texm
f-dist/fonts/type1/public/txfonts/txmia.pfb></usr/share/texlive/texmf-dist/font
s/type1/public/txfonts/txsy.pfb></usr/share/texlive/texmf-dist/fonts/type1/publ
ic/txfonts/txsyb.pfb></usr/share/texlive/texmf-dist/fonts/type1/public/txfonts/
txtt.pfb></usr/share/texlive/texmf-dist/fonts/type1/urw/times/utmb8a.pfb></usr/
share/texlive/texmf-dist/fonts/type1/urw/times/utmbi8a.pfb></usr/share/texlive/
texmf-dist/fonts/type1/urw/times/utmr8a.pfb></usr/share/texlive/texmf-dist/font
s/type1/urw/times/utmri8a.pfb>
Output written on diss_kulikov.pdf (139 pages, 49646128 bytes).
PDF statistics:
 8830 PDF objects out of 8907 (max. 8388607)
 5785 compressed objects within 58 object streams
 0 named destinations out of 1000 (max. 500000)
 416 words of extra memory for PDF output out of 10000 (max. 10000000)

