This is pdfTeX, Version 3.14159265-2.6-1.40.19 (TeX Live 2019/dev/Debian) (preloaded format=pdflatex 2021.8.4)  1 NOV 2021 10:21
entering extended mode
 restricted \write18 enabled.
 %&-line parsing enabled.
**ORB.tex
(./ORB.tex
LaTeX2e <2018-12-01>
(./WileyMSP-template.cls
Document Class: WileyMSP-template 
(/usr/share/texlive/texmf-dist/tex/latex/base/article.cls
Document Class: article 2018/09/03 v1.4i Standard LaTeX document class
(/usr/share/texlive/texmf-dist/tex/latex/base/size10.clo
File: size10.clo 2018/09/03 v1.4i Standard LaTeX file (size option)
)
\c@part=\count80
\c@section=\count81
\c@subsection=\count82
\c@subsubsection=\count83
\c@paragraph=\count84
\c@subparagraph=\count85
\c@figure=\count86
\c@table=\count87
\abovecaptionskip=\skip41
\belowcaptionskip=\skip42
\bibindent=\dimen102
)
(/usr/share/texlive/texmf-dist/tex/latex/ms/ragged2e.sty
Package: ragged2e 2009/05/21 v2.1 ragged2e Package (MS)

(/usr/share/texlive/texmf-dist/tex/latex/ms/everysel.sty
Package: everysel 2011/10/28 v1.2 EverySelectfont Package (MS)
)
\CenteringLeftskip=\skip43
\RaggedLeftLeftskip=\skip44
\RaggedRightLeftskip=\skip45
\CenteringRightskip=\skip46
\RaggedLeftRightskip=\skip47
\RaggedRightRightskip=\skip48
\CenteringParfillskip=\skip49
\RaggedLeftParfillskip=\skip50
\RaggedRightParfillskip=\skip51
\JustifyingParfillskip=\skip52
\CenteringParindent=\skip53
\RaggedLeftParindent=\skip54
\RaggedRightParindent=\skip55
\JustifyingParindent=\skip56
)
(/usr/share/texlive/texmf-dist/tex/latex/graphics/graphicx.sty
Package: graphicx 2017/06/01 v1.1a Enhanced LaTeX Graphics (DPC,SPQR)

(/usr/share/texlive/texmf-dist/tex/latex/graphics/keyval.sty
Package: keyval 2014/10/28 v1.15 key=value parser (DPC)
\KV@toks@=\toks14
)
(/usr/share/texlive/texmf-dist/tex/latex/graphics/graphics.sty
Package: graphics 2017/06/25 v1.2c Standard LaTeX Graphics (DPC,SPQR)

(/usr/share/texlive/texmf-dist/tex/latex/graphics/trig.sty
Package: trig 2016/01/03 v1.10 sin cos tan (DPC)
)
(/usr/share/texlive/texmf-dist/tex/latex/graphics-cfg/graphics.cfg
File: graphics.cfg 2016/06/04 v1.11 sample graphics configuration
)
Package graphics Info: Driver file: pdftex.def on input line 99.

(/usr/share/texlive/texmf-dist/tex/latex/graphics-def/pdftex.def
File: pdftex.def 2018/01/08 v1.0l Graphics/color driver for pdftex
))
\Gin@req@height=\dimen103
\Gin@req@width=\dimen104
)
(/usr/share/texlive/texmf-dist/tex/latex/caption/caption.sty
Package: caption 2018/10/06 v3.3-154 Customizing captions (AR)

(/usr/share/texlive/texmf-dist/tex/latex/caption/caption3.sty
Package: caption3 2018/09/12 v1.8c caption3 kernel (AR)
Package caption3 Info: TeX engine: e-TeX on input line 64.
\captionmargin=\dimen105
\captionmargin@=\dimen106
\captionwidth=\dimen107
\caption@tempdima=\dimen108
\caption@indent=\dimen109
\caption@parindent=\dimen110
\caption@hangindent=\dimen111
)
\c@caption@flags=\count88
\c@ContinuedFloat=\count89
)
(/usr/share/texlive/texmf-dist/tex/latex/geometry/geometry.sty
Package: geometry 2018/04/16 v5.8 Page Geometry

(/usr/share/texlive/texmf-dist/tex/generic/oberdiek/ifpdf.sty
Package: ifpdf 2018/09/07 v3.3 Provides the ifpdf switch
)
(/usr/share/texlive/texmf-dist/tex/generic/oberdiek/ifvtex.sty
Package: ifvtex 2016/05/16 v1.6 Detect VTeX and its facilities (HO)
Package ifvtex Info: VTeX not detected.
)
(/usr/share/texlive/texmf-dist/tex/generic/ifxetex/ifxetex.sty
Package: ifxetex 2010/09/12 v0.6 Provides ifxetex conditional
)
\Gm@cnth=\count90
\Gm@cntv=\count91
\c@Gm@tempcnt=\count92
\Gm@bindingoffset=\dimen112
\Gm@wd@mp=\dimen113
\Gm@odd@mp=\dimen114
\Gm@even@mp=\dimen115
\Gm@layoutwidth=\dimen116
\Gm@layoutheight=\dimen117
\Gm@layouthoffset=\dimen118
\Gm@layoutvoffset=\dimen119
\Gm@dimlist=\toks15
)
(/usr/share/texlive/texmf-dist/tex/latex/fancyhdr/fancyhdr.sty
Package: fancyhdr 2019/01/31 v3.10 Extensive control of page headers and footer
s
\f@nch@headwidth=\skip57
\f@nch@O@elh=\skip58
\f@nch@O@erh=\skip59
\f@nch@O@olh=\skip60
\f@nch@O@orh=\skip61
\f@nch@O@elf=\skip62
\f@nch@O@erf=\skip63
\f@nch@O@olf=\skip64
\f@nch@O@orf=\skip65
)
(/usr/share/texlive/texmf-dist/tex/latex/was/gensymb.sty
Package: gensymb 2003/07/02 v1.0 (WaS)
))
(/usr/share/texlive/texmf-dist/tex/latex/xcolor/xcolor.sty
Package: xcolor 2016/05/11 v2.12 LaTeX color extensions (UK)

(/usr/share/texlive/texmf-dist/tex/latex/graphics-cfg/color.cfg
File: color.cfg 2016/01/02 v1.6 sample color configuration
)
Package xcolor Info: Driver file: pdftex.def on input line 225.
Package xcolor Info: Model `cmy' substituted by `cmy0' on input line 1348.
Package xcolor Info: Model `hsb' substituted by `rgb' on input line 1352.
Package xcolor Info: Model `RGB' extended on input line 1364.
Package xcolor Info: Model `HTML' substituted by `rgb' on input line 1366.
Package xcolor Info: Model `Hsb' substituted by `hsb' on input line 1367.
Package xcolor Info: Model `tHsb' substituted by `hsb' on input line 1368.
Package xcolor Info: Model `HSB' substituted by `hsb' on input line 1369.
Package xcolor Info: Model `Gray' substituted by `gray' on input line 1370.
Package xcolor Info: Model `wave' substituted by `hsb' on input line 1371.

(/usr/share/texlive/texmf-dist/tex/latex/graphics/dvipsnam.def
File: dvipsnam.def 2016/06/17 v3.0m Driver-dependent file (DPC,SPQR)
))
(/usr/share/texlive/texmf-dist/tex/latex/amsfonts/amssymb.sty
Package: amssymb 2013/01/14 v3.01 AMS font symbols

(/usr/share/texlive/texmf-dist/tex/latex/amsfonts/amsfonts.sty
Package: amsfonts 2013/01/14 v3.01 Basic AMSFonts support
\@emptytoks=\toks16
\symAMSa=\mathgroup4
\symAMSb=\mathgroup5
LaTeX Font Info:    Overwriting math alphabet `\mathfrak' in version `bold'
(Font)                  U/euf/m/n --> U/euf/b/n on input line 106.
))
(/usr/share/texlive/texmf-dist/tex/latex/lineno/lineno.sty
Package: lineno 2005/11/02 line numbers on paragraphs v4.41
\linenopenalty=\count93
\output=\toks17
\linenoprevgraf=\count94
\linenumbersep=\dimen120
\linenumberwidth=\dimen121
\c@linenumber=\count95
\c@pagewiselinenumber=\count96
\c@LN@truepage=\count97
\c@internallinenumber=\count98
\c@internallinenumbers=\count99
\quotelinenumbersep=\dimen122
\bframerule=\dimen123
\bframesep=\dimen124
\bframebox=\box27
LaTeX Info: Redefining \\ on input line 3056.
)
(/usr/share/texlive/texmf-dist/tex/latex/lastpage/lastpage.sty
Package: lastpage 2015/03/29 v1.2m Refers to last page's name (HMM; JPG)
)
(/usr/share/texlive/texmf-dist/tex/generic/ulem/ulem.sty
\UL@box=\box28
\UL@hyphenbox=\box29
\UL@skip=\skip66
\UL@hook=\toks18
\UL@height=\dimen125
\UL@pe=\count100
\UL@pixel=\dimen126
\ULC@box=\box30
Package: ulem 2012/05/18
\ULdepth=\dimen127
) (./ORB.aux

LaTeX Warning: Label `fig:S8_SI' multiply defined.

)
\openout1 = `ORB.aux'.

LaTeX Font Info:    Checking defaults for OML/cmm/m/it on input line 21.
LaTeX Font Info:    ... okay on input line 21.
LaTeX Font Info:    Checking defaults for T1/cmr/m/n on input line 21.
LaTeX Font Info:    ... okay on input line 21.
LaTeX Font Info:    Checking defaults for OT1/cmr/m/n on input line 21.
LaTeX Font Info:    ... okay on input line 21.
LaTeX Font Info:    Checking defaults for OMS/cmsy/m/n on input line 21.
LaTeX Font Info:    ... okay on input line 21.
LaTeX Font Info:    Checking defaults for OMX/cmex/m/n on input line 21.
LaTeX Font Info:    ... okay on input line 21.
LaTeX Font Info:    Checking defaults for U/cmr/m/n on input line 21.
LaTeX Font Info:    ... okay on input line 21.
 ABD: EverySelectfont initializing macros
LaTeX Info: Redefining \selectfont on input line 21.

(/usr/share/texlive/texmf-dist/tex/context/base/mkii/supp-pdf.mkii
[Loading MPS to PDF converter (version 2006.09.02).]
\scratchcounter=\count101
\scratchdimen=\dimen128
\scratchbox=\box31
\nofMPsegments=\count102
\nofMParguments=\count103
\everyMPshowfont=\toks19
\MPscratchCnt=\count104
\MPscratchDim=\dimen129
\MPnumerator=\count105
\makeMPintoPDFobject=\count106
\everyMPtoPDFconversion=\toks20
) (/usr/share/texlive/texmf-dist/tex/latex/oberdiek/epstopdf-base.sty
Package: epstopdf-base 2016/05/15 v2.6 Base part for package epstopdf

(/usr/share/texlive/texmf-dist/tex/generic/oberdiek/infwarerr.sty
Package: infwarerr 2016/05/16 v1.4 Providing info/warning/error messages (HO)
)
(/usr/share/texlive/texmf-dist/tex/latex/oberdiek/grfext.sty
Package: grfext 2016/05/16 v1.2 Manage graphics extensions (HO)

(/usr/share/texlive/texmf-dist/tex/generic/oberdiek/kvdefinekeys.sty
Package: kvdefinekeys 2016/05/16 v1.4 Define keys (HO)

(/usr/share/texlive/texmf-dist/tex/generic/oberdiek/ltxcmds.sty
Package: ltxcmds 2016/05/16 v1.23 LaTeX kernel commands for general use (HO)
)))
(/usr/share/texlive/texmf-dist/tex/latex/oberdiek/kvoptions.sty
Package: kvoptions 2016/05/16 v3.12 Key value format for package options (HO)

(/usr/share/texlive/texmf-dist/tex/generic/oberdiek/kvsetkeys.sty
Package: kvsetkeys 2016/05/16 v1.17 Key value parser (HO)

(/usr/share/texlive/texmf-dist/tex/generic/oberdiek/etexcmds.sty
Package: etexcmds 2016/05/16 v1.6 Avoid name clashes with e-TeX commands (HO)

(/usr/share/texlive/texmf-dist/tex/generic/oberdiek/ifluatex.sty
Package: ifluatex 2016/05/16 v1.4 Provides the ifluatex switch (HO)
Package ifluatex Info: LuaTeX not detected.
))))
(/usr/share/texlive/texmf-dist/tex/generic/oberdiek/pdftexcmds.sty
Package: pdftexcmds 2018/09/10 v0.29 Utility functions of pdfTeX for LuaTeX (HO
)
Package pdftexcmds Info: LuaTeX not detected.
Package pdftexcmds Info: \pdf@primitive is available.
Package pdftexcmds Info: \pdf@ifprimitive is available.
Package pdftexcmds Info: \pdfdraftmode found.
)
Package epstopdf-base Info: Redefining graphics rule for `.eps' on input line 4
38.
Package grfext Info: Graphics extension search list:
(grfext)             [.pdf,.png,.jpg,.mps,.jpeg,.jbig2,.jb2,.PDF,.PNG,.JPG,.JPE
G,.JBIG2,.JB2,.eps]
(grfext)             \AppendGraphicsExtensions on input line 456.

(/usr/share/texlive/texmf-dist/tex/latex/latexconfig/epstopdf-sys.cfg
File: epstopdf-sys.cfg 2010/07/13 v1.3 Configuration of (r)epstopdf for TeX Liv
e
))
Package caption Info: Begin \AtBeginDocument code.
Package caption Info: End \AtBeginDocument code.

*geometry* driver: auto-detecting
*geometry* detected driver: pdftex
*geometry* verbose mode - [ preamble ] result:
* driver: pdftex
* paper: <default>
* layout: <same size as paper>
* layoutoffset:(h,v)=(0.0pt,0.0pt)
* modes: 
* h-part:(L,W,R)=(36.135pt, 542.02501pt, 36.135pt)
* v-part:(T,H,B)=(36.135pt, 722.7pt, 36.135pt)
* \paperwidth=614.295pt
* \paperheight=794.96999pt
* \textwidth=542.02501pt
* \textheight=722.7pt
* \oddsidemargin=-36.135pt
* \evensidemargin=-36.135pt
* \topmargin=-73.135pt
* \headheight=12.0pt
* \headsep=25.0pt
* \topskip=10.0pt
* \footskip=30.0pt
* \marginparwidth=65.0pt
* \marginparsep=11.0pt
* \columnsep=10.0pt
* \skip\footins=9.0pt plus 4.0pt minus 2.0pt
* \hoffset=0.0pt
* \voffset=0.0pt
* \mag=1000
* \@twocolumnfalse
* \@twosidefalse
* \@mparswitchfalse
* \@reversemarginfalse
* (1in=72.27pt=25.4mm, 1cm=28.453pt)

LaTeX Info: Redefining \celsius on input line 21.
Package gensymb Info: Faking symbols for \degree and \celsius on input line 21.


Package gensymb Warning: Not defining \perthousand.

LaTeX Info: Redefining \ohm on input line 21.
Package gensymb Info: Using \Omega for \ohm on input line 21.

Package gensymb Warning: Not defining \micro.

Package lastpage Info: Please have a look at the pageslts package at
(lastpage)             https://www.ctan.org/pkg/pageslts
(lastpage)             ! on input line 21.

Overfull \hbox (19.21582pt too wide) in paragraph at lines 30--31
[]\OT1/cmr/m/n/20.74 Spins at Work: Prob-ing Charg-ing and Dis-charg-ing of Or-
ganic Rad- 
 []

LaTeX Font Info:    Try loading font information for U+msa on input line 44.
(/usr/share/texlive/texmf-dist/tex/latex/amsfonts/umsa.fd
File: umsa.fd 2013/01/14 v3.01 AMS symbols A
)
LaTeX Font Info:    Try loading font information for U+msb on input line 44.

(/usr/share/texlive/texmf-dist/tex/latex/amsfonts/umsb.fd
File: umsb.fd 2013/01/14 v3.01 AMS symbols B
)
Overfull \hbox (11.66379pt too wide) in paragraph at lines 36--45
[]\OT1/cmr/m/it/12 Ilia R. Ku-likov Naitik A. Pan-jwani Ana-toliy A. Vereshcha-
gin Domenik Spallek  Daniil A. Lukianov  Elena 
 []


Overfull \hbox (23.63475pt too wide) in paragraph at lines 71--72
[]\OT1/cmr/m/n/12 Keywords: \OT1/cmr/m/it/12 EPR; Film Elec-tro-chem-istry; Or-
ganic Rad-i-cal Bat-ter-ies; In-operando; []R[]edox []P[]olymers; |   []; 
 []


Overfull \hbox (0.52353pt too wide) in paragraph at lines 95--96
\OT1/cmr/m/n/12 Batteries based on con-ju-gated poly-mers con-tain-ing sta-ble 
rad-i-cal sub-stituents as high-capacitance groups 
 []


Overfull \hbox (1.72908pt too wide) in paragraph at lines 97--98
\OT1/cmr/m/n/12 ganic rad-i-cal bat-ter-ies (ORBs) that ex-hibit high power den
-si-ties, the broad ap-pli-ca-tion of most nitroxide- 
 []


Overfull \hbox (12.69147pt too wide) in paragraph at lines 99--100
[]\OT1/cmr/m/n/12 Common to all these poly-mers is the fact that they con-tain 
2,2,6,6-tetra-methylpiperidine-1-oxyl (TEMPO) 
 []

<vch-logo.png, id=1, 71.0655pt x 21.1992pt>
File: vch-logo.png Graphic file (type png)
<use vch-logo.png>
Package pdftex.def Info: vch-logo.png  used on input line 100.
(pdftex.def)             Requested size: 71.13188pt x 21.21951pt.

Package Fancyhdr Warning: \headheight is too small (12.0pt): 
Make it at least 24.81955pt.
We now make it that large for the rest of the document.
This may cause the page layout to be inconsistent, however.

[1

{/var/lib/texmf/fonts/map/pdftex/updmap/pdftex.map} <./VCH-logo.png>]
Overfull \hbox (0.19714pt too wide) in paragraph at lines 101--102
\OT1/cmr/m/n/12 lar en-vi-ron-ment and the lo-cal ge-om-e-try of the spin-beari
ng groups. For in-stance, in the case of nitroxide- 
 []


Overfull \hbox (7.30403pt too wide) in paragraph at lines 105--106
[]\OT1/cmr/m/n/12 Here we de-scribe the de-vel-op-ment of an elec-tro-chem-i-ca
l cell that al-lows us to per-form in-operando cwEPR 
 []

File: vch-logo.png Graphic file (type png)
<use vch-logo.png>
Package pdftex.def Info: vch-logo.png  used on input line 113.
(pdftex.def)             Requested size: 71.13188pt x 21.21951pt.
[2]
<Figure_1.pdf, id=21, 2800.4625pt x 3237.09375pt>
File: Figure_1.pdf Graphic file (type pdf)
<use Figure_1.pdf>
Package pdftex.def Info: Figure_1.pdf  used on input line 116.
(pdftex.def)             Requested size: 520.34764pt x 601.47087pt.

Underfull \hbox (badness 10000) in paragraph at lines 117--117
[]\OT1/cmr/m/n/10 Figure 1: |Schematic di-a-gram of the elec-trode de-sign and 
as-sem-bly of the elec-tro-chem-i-cal cell based on a mod-i-fied X-band
 []


Underfull \hbox (badness 10000) in paragraph at lines 117--117
\OT1/cmr/m/n/10 EPR tube. \OT1/cmr/bx/n/10 a) \OT1/cmr/m/n/10 Molec-u-lar struc
-ture of p-DiTS, with the re-dox re-ac-tion of the charge-bearing TEMPO groups;
 High-lighted is
 []


Underfull \hbox (badness 10000) in paragraph at lines 117--117
\OT1/cmr/m/n/10 the back-bone, p-NiMeOSalen. \OT1/cmr/bx/n/10 b) \OT1/cmr/m/n/1
0 Setup for de-po-si-tion and clean-ing of poly-mer films. \OT1/cmr/bx/n/10 c) 
\OT1/cmr/m/n/10 Tube-based elec-tro-chem-i-cal setup.
 []


Underfull \hbox (badness 10000) in paragraph at lines 117--117
\OT1/cmr/m/n/10 d) Pho-to-graph of the mod-i-fied quartz EPR tube with a flat-t
ened bot-tom sec-tion, and the pro-cess of form-ing the mod-i-fied
 []


Underfull \hbox (badness 10000) in paragraph at lines 117--117
\OT1/cmr/m/n/10 tube. \OT1/cmr/bx/n/10 e) \OT1/cmr/m/n/10 Cyclic voltam-mo-gram
s of a grow-ing p-DiTS film dur-ing 100 elec-tro-chem-i-cal poly-meri-sa-tion c
y-cles (solid), dur-
 []


Underfull \hbox (badness 10000) in paragraph at lines 117--117
\OT1/cmr/m/n/10 ing the clean-ing pro-cess (crossed) and in the tube-based setu
p (dot-ted). Peaks A/A', B/B' cor-re-spond to ox-i-da-tion and
 []


Overfull \hbox (12.90536pt too wide) in paragraph at lines 125--126
\OT1/cmr/m/n/12 do not give EPR sig-nals, as our base. We clean these quartz su
b-strates by son-i-cat-ing in Ace-toni-trile (ACN) 
 []


Overfull \hbox (23.81369pt too wide) in paragraph at lines 125--126
\OT1/cmr/m/n/12 fol-lowed by Iso-propyl al-co-hol and fi-nally Ethanol, be-fore
 plac-ing in a UV Ozone cleaner (Os-sila) for $\OMS/cmsy/m/n/12 ^^X$\OT1/cmr/m/
n/12 10 min- 
 []


Overfull \hbox (6.69012pt too wide) in paragraph at lines 137--138
[][]\OT1/cmr/m/n/12 While the on-substrate elec-trodes re-duced mi-crowave damp
-ing, this is not the only cause of the mi-crowave 
 []


Overfull \hbox (6.16791pt too wide) in paragraph at lines 137--138
\OT1/cmr/m/n/12 damp-ing at room tem-per-a-ture. A sub-stan-tial amount of mi-c
rowave damp-ing oc-curs due to the elec-trolyte, 
 []


Overfull \hbox (16.83324pt too wide) in paragraph at lines 137--138
\OT1/cmr/m/n/12 5 mm outer di-am-e-ter (OD) Quartz EPR tubes by flat-ten-ing th
e bot-tom 1.3$\OMS/cmsy/m/n/12 ^^@$\OT1/cmr/m/n/12 1.6 cm (cf. Fig-ure 1[]b), t
hereby 
 []


Overfull \hbox (4.2207pt too wide) in paragraph at lines 155--156
\OT1/cmr/m/n/12 3000$ $C, with 66% ca-pac-ity re-ten-tion af-ter 2000 charge-di
scharge cycles)[[]]. This makes p-DiTS a promis- 
 []

File: vch-logo.png Graphic file (type png)
<use vch-logo.png>
Package pdftex.def Info: vch-logo.png  used on input line 156.
(pdftex.def)             Requested size: 71.13188pt x 21.21951pt.
[3]
File: vch-logo.png Graphic file (type png)
<use vch-logo.png>
Package pdftex.def Info: vch-logo.png  used on input line 156.
(pdftex.def)             Requested size: 71.13188pt x 21.21951pt.
 [4 <./Figure_1.pdf>]
Overfull \hbox (27.22786pt too wide) in paragraph at lines 160--161
\OT1/cmr/m/n/12 at-tributed to biphe-noxyl rad-i-cals by Dmitrieva \OT1/cmr/m/i
t/12 et al \OT1/cmr/m/n/12 [[]]. There-fore we study both p-DiTS and p-NiMeOSal
en 
 []


Overfull \hbox (1.65547pt too wide) in paragraph at lines 172--173
\OT1/cmr/m/n/12 to p-DiTS and si-mul-ta-ne-ous de-po-si-tion onto the on-substr
ate Au WE. To do this we use the setup shown 
 []

File: vch-logo.png Graphic file (type png)
<use vch-logo.png>
Package pdftex.def Info: vch-logo.png  used on input line 190.
(pdftex.def)             Requested size: 71.13188pt x 21.21951pt.
[5]
<Figure_2.pdf, id=45469, 822.28464pt x 512.1496pt>
File: Figure_2.pdf Graphic file (type pdf)
<use Figure_2.pdf>
Package pdftex.def Info: Figure_2.pdf  used on input line 200.
(pdftex.def)             Requested size: 542.02501pt x 337.60559pt.

Underfull \hbox (badness 10000) in paragraph at lines 201--201
[]\OT1/cmr/m/n/10 Figure 2: |Clas-si-fi-ca-tion of the ni-trox-ide cwEPR spec-t
ra ob-served for p-DiTS un-der dif-fer-ent con-di-tions and en-vi-ron-ments.
 []


Underfull \hbox (badness 10000) in paragraph at lines 201--201
\OT1/cmr/m/n/10 a) Densely packed ni-trox-ide film with ex-change and dipo-lar 
broad-en-ing or ex-change nar-row-ing giv-ing a sin-gle deriva-tive, b)
 []


Underfull \hbox (badness 10000) in paragraph at lines 201--201
\OT1/cmr/m/n/10 di-nitroxide in so-lu-tion where dy-namic changes in ni-trox-id
e dis-tance mod-u-lated the ex-change in-ter-ac-tion giv-ing five lines
 []


Underfull \hbox (badness 10000) in paragraph at lines 201--201
\OT1/cmr/m/n/10 (ac-tual cwEPR of DiTS monomers in so-lu-tion at room tem-per-a
-ture), d) Im-mo-bi-lized ni-trox-ide spec-trum with both $\OML/cmm/m/it/10 g$ 
\OT1/cmr/m/n/10 and
 []

File: vch-logo.png Graphic file (type png)
<use vch-logo.png>
Package pdftex.def Info: vch-logo.png  used on input line 212.
(pdftex.def)             Requested size: 71.13188pt x 21.21951pt.
[6 <./Figure_2.pdf>]
<Figure_3.pdf, id=45908, 437.635pt x 643.40375pt>
File: Figure_3.pdf Graphic file (type pdf)
<use Figure_3.pdf>
Package pdftex.def Info: Figure_3.pdf  used on input line 230.
(pdftex.def)             Requested size: 271.0125pt x 398.44478pt.

Underfull \hbox (badness 10000) in paragraph at lines 231--231
[]\OT1/cmr/m/n/10 Figure 3: |Changes in the Q fac-tor of a mi-crowave res-onato
r loaded with a p-DiTS elec-tro-chem-i-cal cell with re-spect to the
 []


Underfull \hbox (badness 10000) in paragraph at lines 231--231
\OT1/cmr/m/n/10 dis-tance be-tween the cen-ter of the red-ox ac-tive cath-ode a
nd the cen-ter of the res-onator. A stan-dard 5$ $mm OD tube and
 []


Underfull \hbox (badness 10000) in paragraph at lines 231--231
\OT1/cmr/m/n/10 the mod-i-fied tube with the flat tip. In-set: X-band cwEPR spe
c-tra for the p-DiTS cell for the stan-dard tube and for the
 []


Underfull \hbox (badness 10000) in paragraph at lines 231--231
\OT1/cmr/m/n/10 mod-i-fied tube in-serted at $\OML/cmm/m/it/10 H[]$\OT1/cmr/m/n
/10 = 19 mm, recorded with the 0.5 mT mod-u-la-tion am-pli-tude at a mi-crowave
 power of
 []


LaTeX Warning: `!h' float specifier changed to `!ht'.

File: vch-logo.png Graphic file (type png)
<use vch-logo.png>
Package pdftex.def Info: vch-logo.png  used on input line 256.
(pdftex.def)             Requested size: 71.13188pt x 21.21951pt.
[7]
File: vch-logo.png Graphic file (type png)
<use vch-logo.png>
Package pdftex.def Info: vch-logo.png  used on input line 263.
(pdftex.def)             Requested size: 71.13188pt x 21.21951pt.
 [8 <./Figure_3.pdf>]
<Figure_4.pdf, id=45962, 913.4125pt x 602.25pt>
File: Figure_4.pdf Graphic file (type pdf)
<use Figure_4.pdf>
Package pdftex.def Info: Figure_4.pdf  used on input line 267.
(pdftex.def)             Requested size: 542.02501pt x 357.39207pt.

Underfull \hbox (badness 10000) in paragraph at lines 268--268
[]\OT1/cmr/m/n/10 Figure 4: |Room tem-per-a-ture X-Band (9.40$ $GHz) cwEPR spec
-tra for a p-DiTS elec-tro-chem-i-cal cell un-der op-er-at-ing con-
 []


Underfull \hbox (badness 10000) in paragraph at lines 268--268
\OT1/cmr/m/n/10 di-tions. a): cwEPR spec-tra dur-ing charg-ing (ox-i-da-tion) a
nd dis-charg-ing (re-duc-tion) of the cell. b): num-ber of un-paired
 []


Underfull \hbox (badness 10000) in paragraph at lines 268--268
\OT1/cmr/m/n/10 elec-tron spins de-ter-mined from the quan-ti-ta-tive anal-y-si
s of the spec-tra (EPR spin count) and num-ber of elec-tro-chem-i-
 []


Underfull \hbox (badness 10000) in paragraph at lines 268--268
\OT1/cmr/m/n/10 cally ac-tive charges in the cell de-ter-mined from its cyclic 
voltam-mo-gram (CV). c): slices for the ini-tially dis-charged state
 []


Underfull \hbox (badness 10000) in paragraph at lines 268--268
\OT1/cmr/m/n/10 ('I', 0.6$ $V), charged state ('II', 0.90$\OMS/cmsy/m/n/10 ^^@$
\OT1/cmr/m/n/10 0.94$\OMS/cmsy/m/n/10 ^^@$\OT1/cmr/m/n/10 0.82$ $V, av-er-aged 
within the re-gion de-noted by $\OMS/cmsy/m/n/10 l$ \OT1/cmr/m/n/10 , scaled up
 $\OMS/cmsy/m/n/10 ^^B$\OT1/cmr/m/n/10 10), and the fi-nal
 []


Overfull \hbox (7.2165pt too wide) in paragraph at lines 274--275
\OT1/cmr/m/n/12 pep-per func-tion, into two spec-tral com-po-nents. The first c
om-po-nent is a broad deriva-tive with a linewidth 
 []

File: vch-logo.png Graphic file (type png)
<use vch-logo.png>
Package pdftex.def Info: vch-logo.png  used on input line 283.
(pdftex.def)             Requested size: 71.13188pt x 21.21951pt.
[9 <./Figure_4.pdf>]
Overfull \hbox (19.74971pt too wide) in paragraph at lines 325--326
\OT1/cmr/m/n/12 not poly-merised is trapped in the pores or in-ter-layer struc-
ture of the grow-ing poly-mer film. These monomers 
 []


Overfull \hbox (0.78464pt too wide) in paragraph at lines 325--326
\OT1/cmr/m/n/12 con-tribute to the bat-tery per-for-mance. To in-ves-ti-gate th
is phe-nomenon we mea-sure the in-operando SEC 
 []


Overfull \hbox (9.95398pt too wide) in paragraph at lines 331--332
[][]\OT1/cmr/m/n/12 While elec-tro-chem-i-cal quartz crys-tal mi-crobal-ance me
a-sure-ments can hint to-wards loosely bound oligomers 
 []

File: vch-logo.png Graphic file (type png)
<use vch-logo.png>
Package pdftex.def Info: vch-logo.png  used on input line 342.
(pdftex.def)             Requested size: 71.13188pt x 21.21951pt.
[10]
<Figure_5.pdf, id=45973, 362.85562pt x 505.89pt>
File: Figure_5.pdf Graphic file (type pdf)
<use Figure_5.pdf>
Package pdftex.def Info: Figure_5.pdf  used on input line 346.
(pdftex.def)             Requested size: 271.0125pt x 377.84955pt.

Underfull \hbox (badness 10000) in paragraph at lines 347--347
[]\OT1/cmr/m/n/10 Figure 5: |\OT1/cmr/m/it/10 in-operando \OT1/cmr/m/n/10 SEC c
wEPR of two dif-fer-ent p-DiTS films a) 50 CV cy-cles, (Top) show-ing the ap-pe
ar-ance of a su-
 []


Underfull \hbox (badness 10000) in paragraph at lines 347--347
\OT1/cmr/m/n/10 per-im-posed three-line fea-ture, cor-re-spond-ing to mo-bile n
i-trox-ide groups, with in-creas-ing ox-i-da-tion po-ten-tial. The three-line
 []


Underfull \hbox (badness 10000) in paragraph at lines 347--347
\OT1/cmr/m/n/10 fea-ture is then elec-tro-chem-i-cally in-ac-tive and re-mains 
in dur-ing the re-duc-tion cy-cle. The rest elec-trolyte (Bot-tom) shows
 []


Underfull \hbox (badness 10000) in paragraph at lines 347--347
\OT1/cmr/m/n/10 the same three-line fea-ture sug-gest-ing re-lease of ni-trox-i
de frag-ments into the elec-trolyte. b) 200 CV cy-cles, (Top) show-
 []


Underfull \hbox (badness 10000) in paragraph at lines 347--347
\OT1/cmr/m/n/10 ing the ap-pear-ance of a su-per-im-posed three-line fea-ture w
hich is elec-tro-chem-i-cally ac-tive and af-ter ox-i-da-tion does not
 []


Underfull \hbox (badness 10000) in paragraph at lines 347--347
\OT1/cmr/m/n/10 re-appear in the re-duc-tion cy-cle, sug-gest-ing sur-face olig
omers which are ini-tially mo-bile but later poly-merise to the main
 []


Underfull \hbox (badness 10000) in paragraph at lines 347--347
\OT1/cmr/m/n/10 film or be-ing re-leased to the elec-trolyte in the EPR-silent,
 oxi-ized state. (Bot-tom) rest elec-trolyte shows neg-li-gi-ble sig-nal of
 []

File: vch-logo.png Graphic file (type png)
<use vch-logo.png>
Package pdftex.def Info: vch-logo.png  used on input line 356.
(pdftex.def)             Requested size: 71.13188pt x 21.21951pt.
[11 <./Figure_5.pdf>]
Overfull \hbox (15.47882pt too wide) in paragraph at lines 361--362
\OT1/cmr/m/n/12 TEMPO$[]$, it is un-likely that the de-crease in over-all sig-n
al in-ten-sity in the Fig-ure 3[] b dur-ing the \OT1/cmr/m/it/12 in-operando 
 []


Overfull \hbox (2.66934pt too wide) in paragraph at lines 361--362
\OT1/cmr/m/n/12 which can be elec-tro-chem-i-cally ox-i-dised (Fig-ure 3[] b) 1
.1 V ox-i-da-tion), but does not reap-pear in the 0.9 V 
 []

<Figure_7.pdf, id=46049, 888.31876pt x 356.33125pt>
File: Figure_7.pdf Graphic file (type pdf)
<use Figure_7.pdf>
Package pdftex.def Info: Figure_7.pdf  used on input line 376.
(pdftex.def)             Requested size: 514.9221pt x 206.54721pt.

Underfull \hbox (badness 10000) in paragraph at lines 377--377
[]\OT1/cmr/m/n/10 Figure 6: |a) Evo-lu-tion and com-po-nent de-com-po-si-tion o
f cwEPR spec-tra for a tube-based, 150 CV p-DiTS ORB upon 36
 []


Underfull \hbox (badness 10000) in paragraph at lines 377--377
\OT1/cmr/m/n/10 charge-discharge cy-cles. b) Quan-ti-ta-tive anal-y-sis of the 
sep-a-rated spec-tral com-po-nents. Quan-ti-ta-tive anal-y-sis of the CV
 []


Underfull \hbox (badness 10000) in paragraph at lines 377--377
\OT1/cmr/m/n/10 curves. c) Cyclic voltam-mo-grams of the cell, recorded with re
-spect to Ag/AgCl RE at a rate of 5 mV/s in-be-tween the
 []


Overfull \hbox (47.72548pt too wide) in paragraph at lines 389--389
\OT1/cmr/m/n/12 on-substrate WE of the tube-based cell. The cell was in-serted 
into the cwEPR spec-trom-e-ter, at $\OML/cmm/m/it/12 H[]$  \OT1/cmr/m/n/12 12 m
m 
 []


Overfull \hbox (12.60255pt too wide) in paragraph at lines 389--389
\OT1/cmr/m/n/12 where it un-der-went a se-ries of 36 charge-discharge cy-cles a
t a rate of 5$ $mV/s. The CV curves were recorded 
 []

File: vch-logo.png Graphic file (type png)
<use vch-logo.png>
Package pdftex.def Info: vch-logo.png  used on input line 395.
(pdftex.def)             Requested size: 71.13188pt x 21.21951pt.
[12]
Overfull \hbox (1.33327pt too wide) in paragraph at lines 406--406
[][]\OT1/cmr/m/n/12 The cwEPR spec-tra in Fig-ure 6[](a) demon-strate ini-tiall
y a re-lease of the di-lute com-po-nent and a de-crease 
 []


Overfull \hbox (2.27074pt too wide) in paragraph at lines 406--406
\OT1/cmr/m/n/12 stays as high as 100 $\OML/cmm/m/it/12 ^^V$\OT1/cmr/m/n/12 A du
r-ing the first eight cy-cles. That sug-gests that the ini-tial re-lease of the
 re-duced, 
 []


Overfull \hbox (0.10423pt too wide) in paragraph at lines 422--422
\OT1/cmr/m/n/12 cwEPR sig-nal at each charge-discharge cy-cle con-tains two con
-tri-bu-tions: 1) the densely packed TEMPO$[]$ 
 []


Overfull \hbox (8.00276pt too wide) in paragraph at lines 422--422
\OT1/cmr/m/n/12 stay in the TEMPO$[]$ state, re-gard-less of the ap-plied po-te
n-tial. Thus, the over-all spin count on the cwEPR 
 []

File: vch-logo.png Graphic file (type png)
<use vch-logo.png>
Package pdftex.def Info: vch-logo.png  used on input line 422.
(pdftex.def)             Requested size: 71.13188pt x 21.21951pt.
[13 <./Figure_7.pdf>]
Overfull \hbox (1.30577pt too wide) in paragraph at lines 429--429
\OT1/cmr/m/n/12 the film (TEMPO$[]$) be-come dia-mag-netic (TEMPO$[]$) and stay
 dia-mag-netic when the cell is brought back 
 []


Overfull \hbox (0.48466pt too wide) in paragraph at lines 429--429
\OT1/cmr/m/n/12 elec-trolyte. From the EPR only per-spec-tive, it is im-pos-si-
ble to de-ter-mine whether the ox-i-dised frag-ments 
 []


Overfull \hbox (2.15129pt too wide) in paragraph at lines 429--429
\OT1/cmr/m/n/12 stay in the film or leave it. How-ever, in the pre-vi-ous study
, no loss of mass of a p-DiTS film was ob-served 
 []


Overfull \hbox (9.2401pt too wide) in paragraph at lines 429--429
\OT1/cmr/m/n/12 would lose its frag-ments upon re-peated cy-cling. The dia-mag-
netic species in the elec-trolyte may be brought 
 []

<Figure_6.pdf, id=46086, 722.7pt x 326.21875pt>
File: Figure_6.pdf Graphic file (type pdf)
<use Figure_6.pdf>
Package pdftex.def Info: Figure_6.pdf  used on input line 445.
(pdftex.def)             Requested size: 542.02501pt x 244.66345pt.

Underfull \hbox (badness 10000) in paragraph at lines 446--446
[]\OT1/cmr/m/n/10 Figure 7: |\OT1/cmr/m/it/10 Ex-situ \OT1/cmr/m/n/10 ox-i-da-t
ion se-ries at 150 K on a) p-DiTS (black), show-ing a one line deriva-tive at 0
.1 V which with in-
 []


Underfull \hbox (badness 10000) in paragraph at lines 446--446
\OT1/cmr/m/n/10 creas-ing po-ten-tial de-creases in in-ten-sity as ni-trox-ides
 groups are re-duced and changes in spec-tral shape to-wards a di-lute
 []


Underfull \hbox (badness 10000) in paragraph at lines 446--446
\OT1/cmr/m/n/10 im-mo-bilised ni-trox-ide sig-nal. Sim-u-la-tions (green) show 
there two com-po-nents con-tribut-ing to the sig-nal at each po-ten-tial,
 []


Underfull \hbox (badness 10000) in paragraph at lines 446--446
\OT1/cmr/m/n/10 a po-ten-tial de-pen-dent one line spec-trum (red) and a im-mo-
bilised ni-trox-ide spec-trum (blue) which is po-ten-tial in-de-pen-dent.
 []


Underfull \hbox (badness 10000) in paragraph at lines 446--446
\OT1/cmr/m/n/10 b) p-NiMeOSalen re-veal-ing the back-bone para-m-ag-netic state
 which has rhom-bic $\OML/cmm/m/it/10 g$\OT1/cmr/m/n/10 -tensor and shows small
 spec-tral changes
 []


LaTeX Warning: `!h' float specifier changed to `!ht'.

File: vch-logo.png Graphic file (type png)
<use vch-logo.png>
Package pdftex.def Info: vch-logo.png  used on input line 453.
(pdftex.def)             Requested size: 71.13188pt x 21.21951pt.
[14]
Overfull \hbox (11.69756pt too wide) in paragraph at lines 458--459
\OT1/cmr/m/n/12 core back-bone struc-ture of p-DiTS but does not con-tain any T
EMPO pen-dent groups. Dmitrieva \OT1/cmr/m/it/12 et al. \OT1/cmr/m/n/12 [[]] 
 []


Overfull \hbox (2.4145pt too wide) in paragraph at lines 458--459
\OT1/cmr/m/n/12 have stud-ied Nickel Salen poly-mers us-ing \OT1/cmr/m/it/12 in
-situ \OT1/cmr/m/n/12 SEC cwEPR, among which was NiMeOSalen. Dmitrieva 
 []

File: vch-logo.png Graphic file (type png)
<use vch-logo.png>
Package pdftex.def Info: vch-logo.png  used on input line 464.
(pdftex.def)             Requested size: 71.13188pt x 21.21951pt.
[15 <./Figure_6.pdf>]
Overfull \hbox (7.60402pt too wide) in paragraph at lines 488--489
\OT1/cmr/m/n/12 as-so-ci-ated with charg-ing and dis-charg-ing of ORBs with ac-
tive elec-trode ma-te-ri-als pre-pared by elec-tropoly- 
 []

File: vch-logo.png Graphic file (type png)
<use vch-logo.png>
Package pdftex.def Info: vch-logo.png  used on input line 494.
(pdftex.def)             Requested size: 71.13188pt x 21.21951pt.
[16]
Overfull \hbox (1.59592pt too wide) in paragraph at lines 511--512
\OT1/cmr/m/n/12 The cwEPR spec-tra were recorded at X-band fre-quen-cies ($\OMS
/cmsy/m/n/12 ^^X$\OT1/cmr/m/n/12 9.4 GHz) us-ing a laboratory-built EPR spec- 
 []


Overfull \hbox (11.51521pt too wide) in paragraph at lines 515--516
[]\OT1/cmr/m/n/12 CV curves were mea-sured ei-ther in a beaker us-ing the on-su
bstrate WE, a coiled Pt CE and an Ag/AgNO$[]$ 
 []

File: vch-logo.png Graphic file (type png)
<use vch-logo.png>
Package pdftex.def Info: vch-logo.png  used on input line 520.
(pdftex.def)             Requested size: 71.13188pt x 21.21951pt.
[17] (./ORB.bbl
File: vch-logo.png Graphic file (type png)
<use vch-logo.png>
Package pdftex.def Info: vch-logo.png  used on input line 85.
(pdftex.def)             Requested size: 71.13188pt x 21.21951pt.
 [18])
File: vch-logo.png Graphic file (type png)
<use vch-logo.png>
Package pdftex.def Info: vch-logo.png  used on input line 570.
(pdftex.def)             Requested size: 71.13188pt x 21.21951pt.
 [19]
<Figure_S1.pdf, id=46107, 2747.76563pt x 1068.99374pt>
File: Figure_S1.pdf Graphic file (type pdf)
<use Figure_S1.pdf>
Package pdftex.def Info: Figure_S1.pdf  used on input line 582.
(pdftex.def)             Requested size: 514.9221pt x 200.32166pt.

Overfull \hbox (0.42352pt too wide) in paragraph at lines 587--588
[]\OT1/cmr/m/n/12 The mod-i-fi-ca-tion of the tip of the tube pro-vided a de-cr
ease in the vol-ume of the elec-trolyte downto 45$ \OML/cmm/m/it/12 ^^V$\OT1/cm
r/m/n/12 l, 
 []

File: vch-logo.png Graphic file (type png)
<use vch-logo.png>
Package pdftex.def Info: vch-logo.png  used on input line 597.
(pdftex.def)             Requested size: 71.13188pt x 21.21951pt.
[20 <./Figure_S1.pdf>]
<Figure_S2.pdf, id=46160, 983.675pt x 672.5125pt>
File: Figure_S2.pdf Graphic file (type pdf)
<use Figure_S2.pdf>
Package pdftex.def Info: Figure_S2.pdf  used on input line 604.
(pdftex.def)             Requested size: 514.9221pt x 352.04817pt.

Underfull \hbox (badness 10000) in paragraph at lines 605--605
[]\OT1/cmr/m/n/10 Figure S2: |cwEPR sig-nal in-ten-sity and Q fac-tors for con-
ven-tional EPR tube and the mod-i-fied tube at dif-fer-ent hights from
 []

File: vch-logo.png Graphic file (type png)
<use vch-logo.png>
Package pdftex.def Info: vch-logo.png  used on input line 610.
(pdftex.def)             Requested size: 71.13188pt x 21.21951pt.
[21 <./Figure_S2.pdf>]
<Figure_S3.pdf, id=46202, 910.48819pt x 1650.25984pt>
File: Figure_S3.pdf Graphic file (type pdf)
<use Figure_S3.pdf>
Package pdftex.def Info: Figure_S3.pdf  used on input line 614.
(pdftex.def)             Requested size: 363.15576pt x 658.22887pt.
File: vch-logo.png Graphic file (type png)
<use vch-logo.png>
Package pdftex.def Info: vch-logo.png  used on input line 619.
(pdftex.def)             Requested size: 71.13188pt x 21.21951pt.
 [22 <./Figure_S3.pdf>]
<Figure_S4.pdf, id=46312, 903.375pt x 602.25pt>
File: Figure_S4.pdf Graphic file (type pdf)
<use Figure_S4.pdf>
Package pdftex.def Info: Figure_S4.pdf  used on input line 622.
(pdftex.def)             Requested size: 476.98465pt x 317.99632pt.

Underfull \hbox (badness 10000) in paragraph at lines 623--623
[]\OT1/cmr/m/n/10 Figure S4: |Spin count dur-ing the (sec-ondary) re-lease of t
he monomer from a thick (150 de-po-si-tion cy-cles), un-treated p-
 []


Underfull \hbox (badness 10000) in paragraph at lines 623--623
\OT1/cmr/m/n/10 DiTS cell. Be-fore this mea-sure-ment, the cell has al-ready ex
-hib-ited the (pri-mary) re-lease of the monomer dur-ing the ini-tial
 []


Underfull \hbox (badness 10000) in paragraph at lines 623--623
\OT1/cmr/m/n/10 charge-discharge cy-cle, then it was rinsed in Ace-toni-trile a
nd the elec-trolyte was ex-changed. The three EPR lines in the
 []


Underfull \hbox (badness 10000) in paragraph at lines 623--623
\OT1/cmr/m/n/10 ox-i-dized cell cor-re-spond to the re-leased ni-trox-ide frag-
ments that freely tum-ble in the elec-trolyte. a): CwEPR spec-tra dur-
 []


Underfull \hbox (badness 10000) in paragraph at lines 623--623
\OT1/cmr/m/n/10 ing the charge-discharge cy-cle of the un-treated p-DiTS cell t
hat re-leases the monomers. b): num-ber of un-paired elec-trons
 []


Underfull \hbox (badness 10000) in paragraph at lines 623--623
\OT1/cmr/m/n/10 cal-cu-lated from the in-ten-si-ties of the cwEPR spec-tra, con
-sid-er-ing the non-central po-si-tion of the cell in the res-onator. c)
 []


Underfull \hbox (badness 10000) in paragraph at lines 623--623
\OT1/cmr/m/n/10 slices of the sub-plot a), two com-po-nent sim-u-la-tions and t
he dry film (mea-sured in the cen-ter of the res-onator, with-out
 []

<Figure_S5.pdf, id=46313, 908.39375pt x 597.23125pt>
File: Figure_S5.pdf Graphic file (type pdf)
<use Figure_S5.pdf>
Package pdftex.def Info: Figure_S5.pdf  used on input line 628.
(pdftex.def)             Requested size: 476.98465pt x 313.59666pt.

Underfull \hbox (badness 10000) in paragraph at lines 629--629
[]\OT1/cmr/m/n/10 Figure S5: |Spin count dur-ing the re-polymerization of a thi
ck (200 de-po-si-tion cy-cles), cleaned p-DiTS cell. The cell ini-
 []


Underfull \hbox (badness 10000) in paragraph at lines 629--629
\OT1/cmr/m/n/10 tially ex-hibits sin-gle broad line but at mod-er-ate po-ten-ti
als the sat-telite lines are formed. The for-ma-tion of the three sat-
 []


Underfull \hbox (badness 10000) in paragraph at lines 629--629
\OT1/cmr/m/n/10 telite lines is shown in de-tail in Fig-ure S6[]. The three EPR
 lines in the ox-i-dized cell cor-re-spond to the re-leased ni-trox-ide
 []


Underfull \hbox (badness 10000) in paragraph at lines 629--629
\OT1/cmr/m/n/10 frag-ments that freely tum-ble in the elec-trolyte. Dur-ing the
 re-duc-tion, the satel-lite peaks dis-ap-pear and the line broad-
 []


Underfull \hbox (badness 10000) in paragraph at lines 629--629
\OT1/cmr/m/n/10 ens. a): CwEPR spec-tra dur-ing the charge-discharge cy-cle of 
the cleaned p-DiTS cell that re-leases the monomers and
 []


Underfull \hbox (badness 10000) in paragraph at lines 629--629
\OT1/cmr/m/n/10 poly-mer-izes back. b): num-ber of un-paired elec-trons cal-cu-
lated from the in-ten-si-ties of the cwEPR spec-tra, con-sid-er-ing the
 []


Underfull \hbox (badness 10000) in paragraph at lines 629--629
\OT1/cmr/m/n/10 non-central po-si-tion of the cell in the res-onator. c) slices
 of the sub-plot a), two com-po-nent sim-u-la-tions and the dry film
 []

<Figure_S6.pdf, id=46314, 360.34625pt x 793.96625pt>
File: Figure_S6.pdf Graphic file (type pdf)
<use Figure_S6.pdf>
Package pdftex.def Info: Figure_S6.pdf  used on input line 634.
(pdftex.def)             Requested size: 271.0125pt x 597.13297pt.

Underfull \hbox (badness 10000) in paragraph at lines 635--635
[]\OT1/cmr/m/n/10 Figure S6: |pDiTS operando re-dox at RT. Re-polymerisation. T
wo com-po-nent fits. Com-po-nent de-com-po-si-tion. No ni-trox-
 []


LaTeX Warning: `!h' float specifier changed to `!ht'.

<Figure_S7.pdf, id=46315, 525.965pt x 793.96625pt>
File: Figure_S7.pdf Graphic file (type pdf)
<use Figure_S7.pdf>
Package pdftex.def Info: Figure_S7.pdf  used on input line 641.
(pdftex.def)             Requested size: 406.51875pt x 613.68198pt.

LaTeX Warning: `!h' float specifier changed to `!ht'.

<Figure_S8.pdf, id=46316, 343.2825pt x 505.89pt>
File: Figure_S8.pdf Graphic file (type pdf)
<use Figure_S8.pdf>
Package pdftex.def Info: Figure_S8.pdf  used on input line 648.
(pdftex.def)             Requested size: 271.0125pt x 399.38625pt.

LaTeX Warning: `!h' float specifier changed to `!ht'.

<Figure_S9.pdf, id=46317, 597.23125pt x 845.1575pt>
File: Figure_S9.pdf Graphic file (type pdf)
<use Figure_S9.pdf>
Package pdftex.def Info: Figure_S9.pdf  used on input line 656.
(pdftex.def)             Requested size: 379.41585pt x 536.92697pt.

Underfull \hbox (badness 10000) in paragraph at lines 657--657
[]\OT1/cmr/m/n/10 Figure S9: |Potential-dependent ex situ cwEPR mea-sure-ments 
(X-Band, 9.4$ $GHz) on a dry, frozen p-DiTS film at 150K.
 []


Underfull \hbox (badness 10000) in paragraph at lines 657--657
\OT1/cmr/m/n/10 De-com-po-si-tion of spec-tral lines into two com-po-nents with
 nu-meric sim-u-la-tions: a broad lorentzian line (g = 2.0070, lw =
 []


Underfull \hbox (badness 10000) in paragraph at lines 657--657
\OT1/cmr/m/n/10 4.63$\OMS/cmsy/m/n/10 ^^F$\OT1/cmr/m/n/10 1.00$ $mT) and a di-l
ute com-po-nent with a hy-per-fine cou-pling to $[]$N (I = 1, g = [2.00231 2.00
711 2.00912], A = [100
 []


Underfull \hbox (badness 10000) in paragraph at lines 657--657
\OT1/cmr/m/n/10 15 15]$\OMS/cmsy/m/n/10 ^^F$\OT1/cmr/m/n/10 [1 5 5]$ $MHz, Lore
ntzian broad-en-ing with lw = 1.65$ $mT). The ab-sorp-tion pro-files are shown 
with the in-te-grals of
 []


Underfull \hbox (badness 10000) in paragraph at lines 657--657
\OT1/cmr/m/n/10 the EPR sig-nals. The ra-tio be-tween the sim-u-lated com-po-ne
nts for each po-ten-tial is shown by the dou-ble in-te-grals of the
 []


LaTeX Warning: `!h' float specifier changed to `!ht'.

<Figure_S10.pdf, id=46318, 339.2675pt x 828.09375pt>
File: Figure_S10.pdf Graphic file (type pdf)
<use Figure_S10.pdf>
Package pdftex.def Info: Figure_S10.pdf  used on input line 671.
(pdftex.def)             Requested size: 271.0125pt x 661.5156pt.

LaTeX Warning: `!h' float specifier changed to `!ht'.

<Figure_S11.pdf, id=46319, 525.965pt x 793.96625pt>
File: Figure_S11.pdf Graphic file (type pdf)
<use Figure_S11.pdf>
Package pdftex.def Info: Figure_S11.pdf  used on input line 678.
(pdftex.def)             Requested size: 325.2183pt x 490.94557pt.

Underfull \hbox (badness 10000) in paragraph at lines 679--679
[]\OT1/cmr/m/n/10 Figure S11: |pDiTS operando re-dox at RT. Re-lease of monomer
. Two com-po-nent fits. Com-po-nent de-com-po-si-tion. Ni-trox-
 []


LaTeX Warning: `!h' float specifier changed to `!ht'.

<Figure_S12.pdf, id=46320, 240.9pt x 426.59375pt>
File: Figure_S12.pdf Graphic file (type pdf)
<use Figure_S12.pdf>
Package pdftex.def Info: Figure_S12.pdf  used on input line 686.
(pdftex.def)             Requested size: 162.60915pt x 287.95787pt.

Underfull \hbox (badness 10000) in paragraph at lines 687--687
[]\OT1/cmr/m/n/10 Figure S12: |Top four spec-tra: re-lease of the DiTS monomer 
from an un-treated pDiTS film to the elec-trolyte (0.1$ $M so-
 []


Underfull \hbox (badness 10000) in paragraph at lines 687--687
\OT1/cmr/m/n/10 lu-tion of Et$[]$NBF$[]$ in Ace-toni-trile). Field mod-u-la-tio
n am-pli-tude: 0.10$ $mT (over-mod-u-lated). Bot-tom: spec-trum of DiTS
 []


LaTeX Warning: `!h' float specifier changed to `!ht'.

<Figure_S13.pdf, id=46321, 1111.15125pt x 834.11626pt>
File: Figure_S13.pdf Graphic file (type pdf)
<use Figure_S13.pdf>
Package pdftex.def Info: Figure_S13.pdf  used on input line 693.
(pdftex.def)             Requested size: 542.02501pt x 406.88777pt.

Underfull \hbox (badness 10000) in paragraph at lines 694--694
[]\OT1/cmr/m/n/10 Figure S13: |a) Evo-lu-tion and com-po-nent de-com-po-si-tion
 of cwEPR spec-tra for a tube-based, 150 CV p-DiTS ORB upon
 []


Underfull \hbox (badness 10000) in paragraph at lines 694--694
\OT1/cmr/m/n/10 36 charge-discharge cy-cles. b) Quan-ti-ta-tive anal-y-sis of t
he sep-a-rated spec-tral com-po-nents. $\OML/cmm/m/it/10 ^^W$\OT1/cmr/m/n/10 : 
9.4$ $GHz Mod. Amp: 0.5$ $mT.
 []


Underfull \hbox (badness 10000) in paragraph at lines 694--694
\OT1/cmr/m/n/10 Quan-ti-ta-tive anal-y-sis of the CV curves. c) Cyclic voltam-m
o-grams of the cell, recorded with re-spect to Ag/AgCl RE at
 []


Underfull \hbox (badness 10000) in paragraph at lines 694--694
\OT1/cmr/m/n/10 a rate of 5 mV/s in-be-tween the EPR scans, in the mod-i-fied t
ube in-side the mi-crowave res-onator. The CV were taken at
 []


Underfull \hbox (badness 10000) in paragraph at lines 694--694
\OT1/cmr/m/n/10 5$ $mV/s, which is 10 times slower than the CV curves taken in 
the larger beaker, be-cause lim-ited amount of the elec-trolyte
 []


LaTeX Warning: `!h' float specifier changed to `!ht'.

<Figure_S14.pdf, id=46322, 903.375pt x 666.49pt>
File: Figure_S14.pdf Graphic file (type pdf)
<use Figure_S14.pdf>
Package pdftex.def Info: Figure_S14.pdf  used on input line 699.
(pdftex.def)             Requested size: 542.02501pt x 399.91742pt.

Underfull \hbox (badness 10000) in paragraph at lines 700--700
[]\OT1/cmr/m/n/10 Figure S14: |CV curves vs. time for the charge-discharge cy-c
ling of a p-DiTS cell. At the scan rate of 5$ $mV/s each degra-
 []


Underfull \hbox (badness 10000) in paragraph at lines 700--700
\OT1/cmr/m/n/10 da-tion cy-cle took 200$ $s. The first CV curve was recorded in
 a nar-rower range of po-ten-tials. The sec-ond CV curve is not
 []


LaTeX Warning: `!h' float specifier changed to `!ht'.

<Figure_S15.pdf, id=46323, 903.375pt x 666.49pt>
File: Figure_S15.pdf Graphic file (type pdf)
<use Figure_S15.pdf>
Package pdftex.def Info: Figure_S15.pdf  used on input line 705.
(pdftex.def)             Requested size: 542.02501pt x 399.91742pt.

Underfull \hbox (badness 10000) in paragraph at lines 706--706
[]\OT1/cmr/m/n/10 Figure S15: |Degra-da-tion of ca-pac-ity of a p-DiTS film upo
n 36 charge-discharge cy-cles. Trans-ferred charge cal-cu-lated as
 []


Underfull \hbox (badness 10000) in paragraph at lines 706--706
\OT1/cmr/m/n/10 in-te-grals of the re-duc-tion branches of the CV curves. By th
e last charge-discharge cy-cle the film can ac-cept 10 times less
 []


LaTeX Warning: `!h' float specifier changed to `!ht'.

<Figure_S16.pdf, id=46324, 565.11125pt x 301.125pt>
File: Figure_S16.pdf Graphic file (type pdf)
<use Figure_S16.pdf>
Package pdftex.def Info: Figure_S16.pdf  used on input line 711.
(pdftex.def)             Requested size: 542.02501pt x 288.84695pt.

Underfull \hbox (badness 10000) in paragraph at lines 712--712
[]\OT1/cmr/m/n/10 Figure S16: |EPR spec-tra and spin count for the p-DiTS cell 
(with elec-trolyte) be-fore and af-ter the degra-da-tion se-ries
 []


Underfull \hbox (badness 10000) in paragraph at lines 712--712
\OT1/cmr/m/n/10 con-sist-ing of 36 charge-discharge cy-cles. EPR spec-trum of t
he de-graded cell with the re-placed elec-trolyte does not show
 []


Underfull \hbox (badness 10000) in paragraph at lines 712--712
\OT1/cmr/m/n/10 any sig-nif-i-cant con-tri-bu-tion of the three-line com-po-nen
t, which in-di-cates that the re-duced ni-trox-ide frag-ments have been
 []


LaTeX Warning: `!h' float specifier changed to `!ht'.

<Figure_S17.pdf, id=46325, 565.11125pt x 301.125pt>
File: Figure_S17.pdf Graphic file (type pdf)
<use Figure_S17.pdf>
Package pdftex.def Info: Figure_S17.pdf  used on input line 717.
(pdftex.def)             Requested size: 542.02501pt x 288.84695pt.

Underfull \hbox (badness 10000) in paragraph at lines 718--718
[]\OT1/cmr/m/n/10 Figure S17: |EPR spec-tra and spin count for the dry p-DiTS f
ilm be-fore and af-ter the degra-da-tion se-ries con-sist-ing of 36
 []


Underfull \hbox (badness 10000) in paragraph at lines 718--718
\OT1/cmr/m/n/10 charge-discharge cy-cles. The re-duc-tion of the EPR in-ten-sit
y cor-re-sponds to a loss of 1.82e+15 para-m-ag-netic species upon
 []


LaTeX Warning: `!h' float specifier changed to `!ht'.


Overfull \hbox (2.0777pt too wide) in paragraph at lines 723--724
\OT1/cmr/m/n/12 TEMPO in Toluene - and for pDiTS in acetonitrile-based elec-tro
lyte, which has a high ab-sorp-tion. While 
 []

<Figure_S18.pdf, id=46326, 602.25pt x 301.125pt>
File: Figure_S18.pdf Graphic file (type pdf)
<use Figure_S18.pdf>
Package pdftex.def Info: Figure_S18.pdf  used on input line 728.
(pdftex.def)             Requested size: 542.02501pt x 271.03755pt.

Underfull \hbox (badness 10000) in paragraph at lines 729--729
[]\OT1/cmr/m/n/10 Figure S18: |[]Q fac-tor of the Lyra res-onator for TEMPO in 
Toluene (blue axis) and pDiTS in elec-trolyte (red axis) from
 []

File: vch-logo.png Graphic file (type png)
<use vch-logo.png>
Package pdftex.def Info: vch-logo.png  used on input line 731.
(pdftex.def)             Requested size: 71.13188pt x 21.21951pt.
[23 <./Figure_S4.pdf>]
File: vch-logo.png Graphic file (type png)
<use vch-logo.png>
Package pdftex.def Info: vch-logo.png  used on input line 731.
(pdftex.def)             Requested size: 71.13188pt x 21.21951pt.
 [24 <./Figure_S5.pdf>]
File: vch-logo.png Graphic file (type png)
<use vch-logo.png>
Package pdftex.def Info: vch-logo.png  used on input line 734.
(pdftex.def)             Requested size: 71.13188pt x 21.21951pt.
 [25 <./Figure_S6.pdf>]
File: vch-logo.png Graphic file (type png)
<use vch-logo.png>
Package pdftex.def Info: vch-logo.png  used on input line 734.
(pdftex.def)             Requested size: 71.13188pt x 21.21951pt.
 [26 <./Figure_S7.pdf>]
<Figure_S19.pdf, id=46375, 602.25pt x 301.125pt>
File: Figure_S19.pdf Graphic file (type pdf)
<use Figure_S19.pdf>
Package pdftex.def Info: Figure_S19.pdf  used on input line 737.
(pdftex.def)             Requested size: 542.02501pt x 271.03755pt.

Underfull \hbox (badness 10000) in paragraph at lines 738--738
[]\OT1/cmr/m/n/10 Figure S19: |[]Q fac-tor of the Lyra res-onator for TEMPO in 
Toluene (blue axis) and pDiTS in elec-trolyte (red axis) from
 []


Overfull \hbox (8.64429pt too wide) in paragraph at lines 735--741
\OT1/cmr/m/n/12 For both sam-ples again sim-i-lar trends are ob-served with the
 pDiTS data scat-ter-ing more in gen-eral. While 
 []


Overfull \hbox (8.49995pt too wide) in paragraph at lines 735--741
\OT1/cmr/m/n/12 more, be-cause the dip is clipped by the de-tec-tor. When chang
-ing the bias cur-rent by $\OMS/cmsy/m/n/12 ^^F\OT1/cmr/m/n/12 50 \OML/cmm/m/it
/12 ^^V$\OT1/cmr/m/n/12 A from $200 \OML/cmm/m/it/12 ^^V$\OT1/cmr/m/n/12 A, 
 []

File: vch-logo.png Graphic file (type png)
<use vch-logo.png>
Package pdftex.def Info: vch-logo.png  used on input line 742.
(pdftex.def)             Requested size: 71.13188pt x 21.21951pt.
[27 <./Figure_S8.pdf>]
File: vch-logo.png Graphic file (type png)
<use vch-logo.png>
Package pdftex.def Info: vch-logo.png  used on input line 745.
(pdftex.def)             Requested size: 71.13188pt x 21.21951pt.
 [28 <./Figure_S9.pdf>]
Overfull \hbox (4.85683pt too wide) in paragraph at lines 746--749
\OT1/cmr/m/n/12 Anhydrous Ace-toni-trile (ACN) was ob-tained from the Sigma Ald
rich com-pany. Gold (Au) and Chromium 
 []


Overfull \vbox (22.5656pt too high) has occurred while \output is active []

File: vch-logo.png Graphic file (type png)
<use vch-logo.png>
Package pdftex.def Info: vch-logo.png  used on input line 749.
(pdftex.def)             Requested size: 71.13188pt x 21.21951pt.

[29 <./Figure_S10.pdf>] 
AED: lastpage setting LastPage
File: vch-logo.png Graphic file (type png)
<use vch-logo.png>
Package pdftex.def Info: vch-logo.png  used on input line 751.
(pdftex.def)             Requested size: 71.13188pt x 21.21951pt.
[30 <./Figure_S11.pdf>]
File: vch-logo.png Graphic file (type png)
<use vch-logo.png>
Package pdftex.def Info: vch-logo.png  used on input line 751.
(pdftex.def)             Requested size: 71.13188pt x 21.21951pt.
 [31 <./Figure_S12.pdf>]
File: vch-logo.png Graphic file (type png)
<use vch-logo.png>
Package pdftex.def Info: vch-logo.png  used on input line 751.
(pdftex.def)             Requested size: 71.13188pt x 21.21951pt.
 [32 <./Figure_S13.pdf>]
File: vch-logo.png Graphic file (type png)
<use vch-logo.png>
Package pdftex.def Info: vch-logo.png  used on input line 751.
(pdftex.def)             Requested size: 71.13188pt x 21.21951pt.

[33 <./Figure_S14.pdf>]
File: vch-logo.png Graphic file (type png)
<use vch-logo.png>
Package pdftex.def Info: vch-logo.png  used on input line 751.
(pdftex.def)             Requested size: 71.13188pt x 21.21951pt.
 [34 <./Figure_S15.pdf>]
File: vch-logo.png Graphic file (type png)
<use vch-logo.png>
Package pdftex.def Info: vch-logo.png  used on input line 751.
(pdftex.def)             Requested size: 71.13188pt x 21.21951pt.
 [35 <./Figure_S16.pdf> <./Figure_S17.pdf>]
File: vch-logo.png Graphic file (type png)
<use vch-logo.png>
Package pdftex.def Info: vch-logo.png  used on input line 751.
(pdftex.def)             Requested size: 71.13188pt x 21.21951pt.
 [36 <./Figure_S18.pdf> <./Figure_S19.pdf>] (./ORB.aux)

LaTeX Warning: There were multiply-defined labels.

 ) 
Here is how much of TeX's memory you used:
 4678 strings out of 493879
 70043 string characters out of 6161434
 151064 words of memory out of 5000000
 8415 multiletter control sequences out of 15000+600000
 13972 words of font info for 53 fonts, out of 8000000 for 9000
 331 hyphenation exceptions out of 8191
 43i,15n,45p,1742b,442s stack positions out of 5000i,500n,10000p,200000b,80000s
</usr/share/texlive/texmf-dist/fonts/type1/public/amsfonts/cm/cmbx10.pfb></us
r/share/texlive/texmf-dist/fonts/type1/public/amsfonts/cm/cmbx12.pfb></usr/shar
e/texlive/texmf-dist/fonts/type1/public/amsfonts/cm/cmbxti10.pfb></usr/share/te
xlive/texmf-dist/fonts/type1/public/amsfonts/cm/cmmi10.pfb></usr/share/texlive/
texmf-dist/fonts/type1/public/amsfonts/cm/cmmi12.pfb></usr/share/texlive/texmf-
dist/fonts/type1/public/amsfonts/cm/cmmi6.pfb></usr/share/texlive/texmf-dist/fo
nts/type1/public/amsfonts/cm/cmmi7.pfb></usr/share/texlive/texmf-dist/fonts/typ
e1/public/amsfonts/cm/cmmi8.pfb></usr/share/texlive/texmf-dist/fonts/type1/publ
ic/amsfonts/cm/cmr10.pfb></usr/share/texlive/texmf-dist/fonts/type1/public/amsf
onts/cm/cmr12.pfb></usr/share/texlive/texmf-dist/fonts/type1/public/amsfonts/cm
/cmr17.pfb></usr/share/texlive/texmf-dist/fonts/type1/public/amsfonts/cm/cmr7.p
fb></usr/share/texlive/texmf-dist/fonts/type1/public/amsfonts/cm/cmr8.pfb></usr
/share/texlive/texmf-dist/fonts/type1/public/amsfonts/cm/cmr9.pfb></usr/share/t
exlive/texmf-dist/fonts/type1/public/amsfonts/cm/cmsl10.pfb></usr/share/texlive
/texmf-dist/fonts/type1/public/amsfonts/cm/cmss8.pfb></usr/share/texlive/texmf-
dist/fonts/type1/public/amsfonts/cm/cmsy10.pfb></usr/share/texlive/texmf-dist/f
onts/type1/public/amsfonts/cm/cmsy8.pfb></usr/share/texlive/texmf-dist/fonts/ty
pe1/public/amsfonts/cm/cmti10.pfb></usr/share/texlive/texmf-dist/fonts/type1/pu
blic/amsfonts/cm/cmti12.pfb></usr/share/texlive/texmf-dist/fonts/type1/public/a
msfonts/symbols/msbm10.pfb>
Output written on ORB.pdf (36 pages, 25407111 bytes).
PDF statistics:
 46678 PDF objects out of 55141 (max. 8388607)
 30962 compressed objects within 310 object streams
 0 named destinations out of 1000 (max. 500000)
 136 words of extra memory for PDF output out of 10000 (max. 10000000)

